2024-09-30 23:08:26,450 - INFO - Creating model with d_model=256, n_classes=2, img_size=(16, 16), patch_size=(2, 2), n_channels=1, n_heads=2, n_layers=3, batch_size=1, epochs=3, alpha=0.000125
2024-09-30 23:08:31,190 - INFO - Training with Case: 108
2024-09-30 23:08:31,191 - WARNING - No bounding boxes found on slice 0
2024-09-30 23:08:31,192 - WARNING - No bounding boxes found on slice 1
2024-09-30 23:08:31,193 - WARNING - No bounding boxes found on slice 2
2024-09-30 23:08:31,194 - WARNING - No bounding boxes found on slice 3
2024-09-30 23:08:31,194 - WARNING - No bounding boxes found on slice 4
2024-09-30 23:08:31,195 - WARNING - No bounding boxes found on slice 5
2024-09-30 23:08:31,196 - WARNING - No bounding boxes found on slice 6
2024-09-30 23:08:31,196 - WARNING - No bounding boxes found on slice 7
2024-09-30 23:08:31,197 - WARNING - No bounding boxes found on slice 8
2024-09-30 23:08:31,197 - WARNING - No bounding boxes found on slice 9
2024-09-30 23:08:31,198 - WARNING - No bounding boxes found on slice 10
2024-09-30 23:08:31,199 - WARNING - No bounding boxes found on slice 11
2024-09-30 23:08:31,199 - WARNING - No bounding boxes found on slice 12
2024-09-30 23:08:31,200 - WARNING - No bounding boxes found on slice 13
2024-09-30 23:08:31,201 - WARNING - No bounding boxes found on slice 14
2024-09-30 23:08:31,202 - INFO - Slice 15 | [273, 292, 277, 297]
2024-09-30 23:08:31,202 - INFO - Image shape: torch.Size([1, 512, 512])
2024-09-30 23:08:31,207 - INFO - Slice 15 | [277, 228, 280, 232]
2024-09-30 23:08:31,208 - INFO - Image shape: torch.Size([1, 512, 512])
2024-09-30 23:08:31,213 - INFO - Slice 15 | [268, 220, 272, 224]
2024-09-30 23:08:31,214 - INFO - Image shape: torch.Size([1, 512, 512])
2024-09-30 23:08:31,218 - INFO - Cropped Images length: 3
2024-09-30 23:08:31,219 - INFO - Cropped Labels length: 3
2024-09-30 23:08:31,219 - INFO - Cropped Images number of slices: 35
2024-09-30 23:08:31,220 - INFO - Cropped Labels number of slices: 35
2024-09-30 23:08:31,221 - INFO - Multiple classes found on slice: 15
2024-09-30 23:08:31,221 - INFO - Mask shape: torch.Size([16, 16])
2024-09-30 23:08:31,222 - INFO - Image shape: torch.Size([16, 16])
2024-09-30 23:08:31,222 - INFO - MRI Case 108 Slice 15 CMB coordinates [273, 292, 277, 297]
2024-09-30 23:08:31,223 - INFO - Mask Case 108 Slice 15 CMB coordinates [273, 292, 277, 297]
2024-09-30 23:08:31,223 - INFO - Learning on Case 108 Slice 15 CMB coordinates [273, 292, 277, 297]
2024-09-30 23:08:31,225 - INFO - Feeded inputs shape: torch.Size([1, 1, 16, 16])
2024-09-30 23:08:31,226 - INFO - Feeded mask shape: torch.Size([1, 16, 16])
2024-09-30 23:08:31,516 - INFO - Output shape: torch.Size([1, 2, 16, 16])
2024-09-30 23:08:31,609 - INFO - Loss: 7.103163719177246
2024-09-30 23:08:31,610 - INFO - Multiple classes found on slice: 16
2024-09-30 23:08:31,611 - INFO - Mask shape: torch.Size([16, 16])
2024-09-30 23:08:31,612 - INFO - Image shape: torch.Size([16, 16])
2024-09-30 23:08:31,612 - INFO - MRI Case 108 Slice 16 CMB coordinates [273, 292, 277, 297]
2024-09-30 23:08:31,612 - INFO - Mask Case 108 Slice 16 CMB coordinates [273, 292, 277, 297]
2024-09-30 23:08:31,613 - INFO - Learning on Case 108 Slice 16 CMB coordinates [273, 292, 277, 297]
2024-09-30 23:08:31,614 - INFO - Feeded inputs shape: torch.Size([1, 1, 16, 16])
2024-09-30 23:08:31,614 - INFO - Feeded mask shape: torch.Size([1, 16, 16])
2024-09-30 23:08:31,622 - INFO - Output shape: torch.Size([1, 2, 16, 16])
2024-09-30 23:08:31,636 - INFO - Loss: 5.985913276672363
2024-09-30 23:08:31,638 - INFO - Slice 16 | [252, 304, 256, 308]
2024-09-30 23:08:31,639 - INFO - Image shape: torch.Size([1, 512, 512])
2024-09-30 23:08:31,642 - INFO - Slice 16 | [267, 301, 271, 306]
2024-09-30 23:08:31,643 - INFO - Image shape: torch.Size([1, 512, 512])
2024-09-30 23:08:31,647 - INFO - Slice 16 | [261, 292, 270, 302]
2024-09-30 23:08:31,648 - INFO - Image shape: torch.Size([1, 512, 512])
2024-09-30 23:08:31,651 - INFO - Slice 16 | [274, 289, 281, 303]
2024-09-30 23:08:31,652 - INFO - Image shape: torch.Size([1, 512, 512])
2024-09-30 23:08:31,656 - INFO - Slice 16 | [278, 284, 283, 289]
2024-09-30 23:08:31,657 - INFO - Image shape: torch.Size([1, 512, 512])
2024-09-30 23:08:31,660 - INFO - Slice 16 | [269, 216, 276, 227]
2024-09-30 23:08:31,661 - INFO - Image shape: torch.Size([1, 512, 512])
2024-09-30 23:08:31,667 - INFO - Slice 16 | [276, 214, 280, 218]
2024-09-30 23:08:31,667 - INFO - Image shape: torch.Size([1, 512, 512])
2024-09-30 23:08:31,671 - INFO - Slice 16 | [260, 212, 264, 221]
2024-09-30 23:08:31,672 - INFO - Image shape: torch.Size([1, 512, 512])
2024-09-30 23:08:31,676 - INFO - Slice 16 | [265, 206, 272, 212]
2024-09-30 23:08:31,676 - INFO - Image shape: torch.Size([1, 512, 512])
2024-09-30 23:08:31,680 - INFO - Slice 16 | [250, 203, 256, 208]
2024-09-30 23:08:31,681 - INFO - Image shape: torch.Size([1, 512, 512])
2024-09-30 23:08:31,684 - INFO - Cropped Images length: 10
2024-09-30 23:08:31,686 - INFO - Cropped Labels length: 10
2024-09-30 23:08:31,686 - INFO - Cropped Images number of slices: 35
2024-09-30 23:08:31,687 - INFO - Cropped Labels number of slices: 35
2024-09-30 23:08:31,688 - INFO - Multiple classes found on slice: 16
2024-09-30 23:08:31,688 - INFO - Mask shape: torch.Size([16, 16])
2024-09-30 23:08:31,688 - INFO - Image shape: torch.Size([16, 16])
2024-09-30 23:08:31,689 - INFO - MRI Case 108 Slice 16 CMB coordinates [252, 304, 256, 308]
2024-09-30 23:08:31,689 - INFO - Mask Case 108 Slice 16 CMB coordinates [252, 304, 256, 308]
2024-09-30 23:08:31,690 - INFO - Learning on Case 108 Slice 16 CMB coordinates [252, 304, 256, 308]
2024-09-30 23:08:31,691 - INFO - Feeded inputs shape: torch.Size([1, 1, 16, 16])
2024-09-30 23:08:31,692 - INFO - Feeded mask shape: torch.Size([1, 16, 16])
2024-09-30 23:08:31,700 - INFO - Output shape: torch.Size([1, 2, 16, 16])
2024-09-30 23:08:31,715 - INFO - Loss: 6.215437889099121
2024-09-30 23:08:31,717 - INFO - Multiple classes found on slice: 17
2024-09-30 23:08:31,718 - INFO - Mask shape: torch.Size([16, 16])
2024-09-30 23:08:31,718 - INFO - Image shape: torch.Size([16, 16])
2024-09-30 23:08:31,719 - INFO - MRI Case 108 Slice 17 CMB coordinates [252, 304, 256, 308]
2024-09-30 23:08:31,719 - INFO - Mask Case 108 Slice 17 CMB coordinates [252, 304, 256, 308]
2024-09-30 23:08:31,720 - INFO - Learning on Case 108 Slice 17 CMB coordinates [252, 304, 256, 308]
2024-09-30 23:08:31,721 - INFO - Feeded inputs shape: torch.Size([1, 1, 16, 16])
2024-09-30 23:08:31,722 - INFO - Feeded mask shape: torch.Size([1, 16, 16])
2024-09-30 23:08:31,729 - INFO - Output shape: torch.Size([1, 2, 16, 16])
2024-09-30 23:08:31,739 - INFO - Loss: 8.252824783325195
2024-09-30 23:08:31,741 - INFO - Slice 17 | [254, 290, 277, 307]
2024-09-30 23:08:31,741 - INFO - Image shape: torch.Size([1, 512, 512])
2024-09-30 23:08:31,745 - INFO - Slice 17 | [267, 221, 271, 226]
2024-09-30 23:08:31,746 - INFO - Image shape: torch.Size([1, 512, 512])
2024-09-30 23:08:31,749 - INFO - Slice 17 | [273, 217, 278, 222]
2024-09-30 23:08:31,750 - INFO - Image shape: torch.Size([1, 512, 512])
2024-09-30 23:08:31,754 - INFO - Slice 17 | [263, 215, 266, 219]
2024-09-30 23:08:31,755 - INFO - Image shape: torch.Size([1, 512, 512])
2024-09-30 23:08:31,759 - INFO - Slice 17 | [267, 209, 276, 217]
2024-09-30 23:08:31,760 - INFO - Image shape: torch.Size([1, 512, 512])
2024-09-30 23:08:31,763 - INFO - Slice 17 | [250, 207, 260, 215]
2024-09-30 23:08:31,764 - INFO - Image shape: torch.Size([1, 512, 512])
2024-09-30 23:08:31,768 - INFO - Cropped Images length: 6
2024-09-30 23:08:31,769 - INFO - Cropped Labels length: 6
2024-09-30 23:08:31,770 - INFO - Cropped Images number of slices: 35
2024-09-30 23:08:31,770 - INFO - Cropped Labels number of slices: 35
2024-09-30 23:08:31,771 - INFO - Multiple classes found on slice: 15
2024-09-30 23:08:31,772 - INFO - Mask shape: torch.Size([16, 16])
2024-09-30 23:08:31,772 - INFO - Image shape: torch.Size([16, 16])
2024-09-30 23:08:31,773 - INFO - MRI Case 108 Slice 15 CMB coordinates [254, 290, 277, 307]
2024-09-30 23:08:31,773 - INFO - Mask Case 108 Slice 15 CMB coordinates [254, 290, 277, 307]
2024-09-30 23:08:31,774 - INFO - Learning on Case 108 Slice 15 CMB coordinates [254, 290, 277, 307]
2024-09-30 23:08:31,775 - INFO - Feeded inputs shape: torch.Size([1, 1, 16, 16])
2024-09-30 23:08:31,776 - INFO - Feeded mask shape: torch.Size([1, 16, 16])
2024-09-30 23:08:31,783 - INFO - Output shape: torch.Size([1, 2, 16, 16])
2024-09-30 23:08:31,795 - INFO - Loss: 9.841442108154297
2024-09-30 23:08:31,796 - INFO - Multiple classes found on slice: 16
2024-09-30 23:08:31,796 - INFO - Mask shape: torch.Size([16, 16])
2024-09-30 23:08:31,797 - INFO - Image shape: torch.Size([16, 16])
2024-09-30 23:08:31,797 - INFO - MRI Case 108 Slice 16 CMB coordinates [254, 290, 277, 307]
2024-09-30 23:08:31,797 - INFO - Mask Case 108 Slice 16 CMB coordinates [254, 290, 277, 307]
2024-09-30 23:08:31,798 - INFO - Learning on Case 108 Slice 16 CMB coordinates [254, 290, 277, 307]
2024-09-30 23:08:31,799 - INFO - Feeded inputs shape: torch.Size([1, 1, 16, 16])
2024-09-30 23:08:31,800 - INFO - Feeded mask shape: torch.Size([1, 16, 16])
2024-09-30 23:08:31,807 - INFO - Output shape: torch.Size([1, 2, 16, 16])
2024-09-30 23:08:31,822 - INFO - Loss: 6.125382423400879
2024-09-30 23:08:31,822 - INFO - Multiple classes found on slice: 17
2024-09-30 23:08:31,823 - INFO - Mask shape: torch.Size([16, 16])
2024-09-30 23:08:31,824 - INFO - Image shape: torch.Size([16, 16])
2024-09-30 23:08:31,824 - INFO - MRI Case 108 Slice 17 CMB coordinates [254, 290, 277, 307]
2024-09-30 23:08:31,825 - INFO - Mask Case 108 Slice 17 CMB coordinates [254, 290, 277, 307]
2024-09-30 23:08:31,825 - INFO - Learning on Case 108 Slice 17 CMB coordinates [254, 290, 277, 307]
2024-09-30 23:08:31,827 - INFO - Feeded inputs shape: torch.Size([1, 1, 16, 16])
2024-09-30 23:08:31,827 - INFO - Feeded mask shape: torch.Size([1, 16, 16])
2024-09-30 23:08:31,834 - INFO - Output shape: torch.Size([1, 2, 16, 16])
2024-09-30 23:08:31,845 - INFO - Loss: 7.118581771850586
2024-09-30 23:08:31,847 - WARNING - No bounding boxes found on slice 18
2024-09-30 23:08:31,848 - WARNING - No bounding boxes found on slice 19
2024-09-30 23:08:31,848 - WARNING - No bounding boxes found on slice 20
2024-09-30 23:08:31,849 - WARNING - No bounding boxes found on slice 21
2024-09-30 23:08:31,849 - WARNING - No bounding boxes found on slice 22
2024-09-30 23:08:31,850 - WARNING - No bounding boxes found on slice 23
2024-09-30 23:08:31,850 - WARNING - No bounding boxes found on slice 24
2024-09-30 23:08:31,852 - INFO - Slice 25 | [158, 212, 164, 218]
2024-09-30 23:08:31,852 - INFO - Image shape: torch.Size([1, 512, 512])
2024-09-30 23:08:31,856 - INFO - Cropped Images length: 1
2024-09-30 23:08:31,856 - INFO - Cropped Labels length: 1
2024-09-30 23:08:31,857 - INFO - Cropped Images number of slices: 35
2024-09-30 23:08:31,858 - INFO - Cropped Labels number of slices: 35
2024-09-30 23:08:31,859 - INFO - Multiple classes found on slice: 25
2024-09-30 23:08:31,859 - INFO - Mask shape: torch.Size([16, 16])
2024-09-30 23:08:31,860 - INFO - Image shape: torch.Size([16, 16])
2024-09-30 23:08:31,860 - INFO - MRI Case 108 Slice 25 CMB coordinates [158, 212, 164, 218]
2024-09-30 23:08:31,861 - INFO - Mask Case 108 Slice 25 CMB coordinates [158, 212, 164, 218]
2024-09-30 23:08:31,861 - INFO - Learning on Case 108 Slice 25 CMB coordinates [158, 212, 164, 218]
2024-09-30 23:08:31,863 - INFO - Feeded inputs shape: torch.Size([1, 1, 16, 16])
2024-09-30 23:08:31,863 - INFO - Feeded mask shape: torch.Size([1, 16, 16])
2024-09-30 23:08:31,874 - INFO - Output shape: torch.Size([1, 2, 16, 16])
2024-09-30 23:08:31,885 - INFO - Loss: 6.878104209899902
2024-09-30 23:08:31,887 - WARNING - No bounding boxes found on slice 26
2024-09-30 23:08:31,888 - WARNING - No bounding boxes found on slice 27
2024-09-30 23:08:31,888 - WARNING - No bounding boxes found on slice 28
2024-09-30 23:08:31,889 - WARNING - No bounding boxes found on slice 29
2024-09-30 23:08:31,889 - WARNING - No bounding boxes found on slice 30
2024-09-30 23:08:31,890 - WARNING - No bounding boxes found on slice 31
2024-09-30 23:08:31,891 - WARNING - No bounding boxes found on slice 32
2024-09-30 23:08:31,891 - WARNING - No bounding boxes found on slice 33
2024-09-30 23:08:31,892 - WARNING - No bounding boxes found on slice 34
2024-09-30 23:08:32,273 - WARNING - Skipping case with no CMBs
2024-09-30 23:08:32,664 - INFO - Training with Case: 101
2024-09-30 23:08:32,666 - WARNING - No bounding boxes found on slice 0
2024-09-30 23:08:32,667 - WARNING - No bounding boxes found on slice 1
2024-09-30 23:08:32,667 - WARNING - No bounding boxes found on slice 2
2024-09-30 23:08:32,668 - WARNING - No bounding boxes found on slice 3
2024-09-30 23:08:32,669 - WARNING - No bounding boxes found on slice 4
2024-09-30 23:08:32,670 - WARNING - No bounding boxes found on slice 5
2024-09-30 23:08:32,670 - WARNING - No bounding boxes found on slice 6
2024-09-30 23:08:32,671 - WARNING - No bounding boxes found on slice 7
2024-09-30 23:08:32,672 - INFO - Slice 8 | [164, 327, 172, 336]
2024-09-30 23:08:32,673 - INFO - Image shape: torch.Size([1, 512, 512])
2024-09-30 23:08:32,677 - INFO - Slice 8 | [180, 299, 184, 303]
2024-09-30 23:08:32,677 - INFO - Image shape: torch.Size([1, 512, 512])
2024-09-30 23:08:32,682 - INFO - Cropped Images length: 2
2024-09-30 23:08:32,683 - INFO - Cropped Labels length: 2
2024-09-30 23:08:32,684 - INFO - Cropped Images number of slices: 35
2024-09-30 23:08:32,684 - INFO - Cropped Labels number of slices: 35
2024-09-30 23:08:32,686 - INFO - Multiple classes found on slice: 8
2024-09-30 23:08:32,686 - INFO - Mask shape: torch.Size([16, 16])
2024-09-30 23:08:32,686 - INFO - Image shape: torch.Size([16, 16])
2024-09-30 23:08:32,687 - INFO - MRI Case 101 Slice 8 CMB coordinates [164, 327, 172, 336]
2024-09-30 23:08:32,687 - INFO - Mask Case 101 Slice 8 CMB coordinates [164, 327, 172, 336]
2024-09-30 23:08:32,687 - INFO - Learning on Case 101 Slice 8 CMB coordinates [164, 327, 172, 336]
2024-09-30 23:08:32,689 - INFO - Feeded inputs shape: torch.Size([1, 1, 16, 16])
2024-09-30 23:08:32,690 - INFO - Feeded mask shape: torch.Size([1, 16, 16])
2024-09-30 23:08:32,698 - INFO - Output shape: torch.Size([1, 2, 16, 16])
2024-09-30 23:08:32,710 - INFO - Loss: 7.646387100219727
2024-09-30 23:08:32,712 - INFO - Slice 9 | [257, 320, 260, 324]
2024-09-30 23:08:32,713 - INFO - Image shape: torch.Size([1, 512, 512])
2024-09-30 23:08:32,720 - INFO - Cropped Images length: 1
2024-09-30 23:08:32,721 - INFO - Cropped Labels length: 1
2024-09-30 23:08:32,721 - INFO - Cropped Images number of slices: 35
2024-09-30 23:08:32,722 - INFO - Cropped Labels number of slices: 35
2024-09-30 23:08:32,723 - INFO - Multiple classes found on slice: 9
2024-09-30 23:08:32,724 - INFO - Mask shape: torch.Size([16, 16])
2024-09-30 23:08:32,724 - INFO - Image shape: torch.Size([16, 16])
2024-09-30 23:08:32,724 - INFO - MRI Case 101 Slice 9 CMB coordinates [257, 320, 260, 324]
2024-09-30 23:08:32,726 - INFO - Mask Case 101 Slice 9 CMB coordinates [257, 320, 260, 324]
2024-09-30 23:08:32,726 - INFO - Learning on Case 101 Slice 9 CMB coordinates [257, 320, 260, 324]
2024-09-30 23:08:32,727 - INFO - Feeded inputs shape: torch.Size([1, 1, 16, 16])
2024-09-30 23:08:32,728 - INFO - Feeded mask shape: torch.Size([1, 16, 16])
2024-09-30 23:08:32,736 - INFO - Output shape: torch.Size([1, 2, 16, 16])
2024-09-30 23:08:32,749 - INFO - Loss: 5.367077827453613
2024-09-30 23:08:32,751 - WARNING - No bounding boxes found on slice 10
2024-09-30 23:08:32,753 - INFO - Slice 11 | [278, 345, 281, 348]
2024-09-30 23:08:32,753 - INFO - Image shape: torch.Size([1, 512, 512])
2024-09-30 23:08:32,759 - INFO - Cropped Images length: 1
2024-09-30 23:08:32,760 - INFO - Cropped Labels length: 1
2024-09-30 23:08:32,760 - INFO - Cropped Images number of slices: 35
2024-09-30 23:08:32,761 - INFO - Cropped Labels number of slices: 35
2024-09-30 23:08:32,762 - INFO - Multiple classes found on slice: 11
2024-09-30 23:08:32,762 - INFO - Mask shape: torch.Size([16, 16])
2024-09-30 23:08:32,763 - INFO - Image shape: torch.Size([16, 16])
2024-09-30 23:08:32,763 - INFO - MRI Case 101 Slice 11 CMB coordinates [278, 345, 281, 348]
2024-09-30 23:08:32,764 - INFO - Mask Case 101 Slice 11 CMB coordinates [278, 345, 281, 348]
2024-09-30 23:08:32,764 - INFO - Learning on Case 101 Slice 11 CMB coordinates [278, 345, 281, 348]
2024-09-30 23:08:32,766 - INFO - Feeded inputs shape: torch.Size([1, 1, 16, 16])
2024-09-30 23:08:32,767 - INFO - Feeded mask shape: torch.Size([1, 16, 16])
2024-09-30 23:08:32,775 - INFO - Output shape: torch.Size([1, 2, 16, 16])
2024-09-30 23:08:32,792 - INFO - Loss: 4.259466171264648
2024-09-30 23:08:32,794 - INFO - Slice 12 | [233, 321, 237, 324]
2024-09-30 23:08:32,794 - INFO - Image shape: torch.Size([1, 512, 512])
2024-09-30 23:08:32,797 - INFO - Slice 12 | [259, 313, 263, 317]
2024-09-30 23:08:32,798 - INFO - Image shape: torch.Size([1, 512, 512])
2024-09-30 23:08:32,801 - INFO - Cropped Images length: 2
2024-09-30 23:08:32,802 - INFO - Cropped Labels length: 2
2024-09-30 23:08:32,803 - INFO - Cropped Images number of slices: 35
2024-09-30 23:08:32,803 - INFO - Cropped Labels number of slices: 35
2024-09-30 23:08:32,804 - INFO - Multiple classes found on slice: 12
2024-09-30 23:08:32,805 - INFO - Mask shape: torch.Size([16, 16])
2024-09-30 23:08:32,805 - INFO - Image shape: torch.Size([16, 16])
2024-09-30 23:08:32,807 - INFO - MRI Case 101 Slice 12 CMB coordinates [233, 321, 237, 324]
2024-09-30 23:08:32,807 - INFO - Mask Case 101 Slice 12 CMB coordinates [233, 321, 237, 324]
2024-09-30 23:08:32,808 - INFO - Learning on Case 101 Slice 12 CMB coordinates [233, 321, 237, 324]
2024-09-30 23:08:32,809 - INFO - Feeded inputs shape: torch.Size([1, 1, 16, 16])
2024-09-30 23:08:32,810 - INFO - Feeded mask shape: torch.Size([1, 16, 16])
2024-09-30 23:08:32,817 - INFO - Output shape: torch.Size([1, 2, 16, 16])
2024-09-30 23:08:32,829 - INFO - Loss: 4.938601493835449
2024-09-30 23:08:32,830 - WARNING - No bounding boxes found on slice 13
2024-09-30 23:08:32,831 - WARNING - No bounding boxes found on slice 14
2024-09-30 23:08:32,832 - INFO - Slice 15 | [155, 188, 160, 192]
2024-09-30 23:08:32,832 - INFO - Image shape: torch.Size([1, 512, 512])
2024-09-30 23:08:32,836 - INFO - Cropped Images length: 1
2024-09-30 23:08:32,837 - INFO - Cropped Labels length: 1
2024-09-30 23:08:32,837 - INFO - Cropped Images number of slices: 35
2024-09-30 23:08:32,838 - INFO - Cropped Labels number of slices: 35
2024-09-30 23:08:32,839 - INFO - Multiple classes found on slice: 15
2024-09-30 23:08:32,839 - INFO - Mask shape: torch.Size([16, 16])
2024-09-30 23:08:32,840 - INFO - Image shape: torch.Size([16, 16])
2024-09-30 23:08:32,840 - INFO - MRI Case 101 Slice 15 CMB coordinates [155, 188, 160, 192]
2024-09-30 23:08:32,841 - INFO - Mask Case 101 Slice 15 CMB coordinates [155, 188, 160, 192]
2024-09-30 23:08:32,841 - INFO - Learning on Case 101 Slice 15 CMB coordinates [155, 188, 160, 192]
2024-09-30 23:08:32,843 - INFO - Feeded inputs shape: torch.Size([1, 1, 16, 16])
2024-09-30 23:08:32,844 - INFO - Feeded mask shape: torch.Size([1, 16, 16])
2024-09-30 23:08:32,851 - INFO - Output shape: torch.Size([1, 2, 16, 16])
2024-09-30 23:08:32,866 - INFO - Loss: 4.416576385498047
2024-09-30 23:08:32,867 - INFO - Slice 16 | [267, 301, 271, 306]
2024-09-30 23:08:32,868 - INFO - Image shape: torch.Size([1, 512, 512])
2024-09-30 23:08:32,871 - INFO - Slice 16 | [264, 294, 268, 299]
2024-09-30 23:08:32,872 - INFO - Image shape: torch.Size([1, 512, 512])
2024-09-30 23:08:32,877 - INFO - Slice 16 | [271, 292, 276, 296]
2024-09-30 23:08:32,877 - INFO - Image shape: torch.Size([1, 512, 512])
2024-09-30 23:08:32,880 - INFO - Slice 16 | [268, 220, 273, 226]
2024-09-30 23:08:32,882 - INFO - Image shape: torch.Size([1, 512, 512])
2024-09-30 23:08:32,887 - INFO - Slice 16 | [259, 216, 262, 220]
2024-09-30 23:08:32,888 - INFO - Image shape: torch.Size([1, 512, 512])
2024-09-30 23:08:32,892 - INFO - Cropped Images length: 5
2024-09-30 23:08:32,893 - INFO - Cropped Labels length: 5
2024-09-30 23:08:32,894 - INFO - Cropped Images number of slices: 35
2024-09-30 23:08:32,896 - INFO - Cropped Labels number of slices: 35
2024-09-30 23:08:32,897 - INFO - Multiple classes found on slice: 16
2024-09-30 23:08:32,898 - INFO - Mask shape: torch.Size([16, 16])
2024-09-30 23:08:32,899 - INFO - Image shape: torch.Size([16, 16])
2024-09-30 23:08:32,899 - INFO - MRI Case 101 Slice 16 CMB coordinates [267, 301, 271, 306]
2024-09-30 23:08:32,900 - INFO - Mask Case 101 Slice 16 CMB coordinates [267, 301, 271, 306]
2024-09-30 23:08:32,901 - INFO - Learning on Case 101 Slice 16 CMB coordinates [267, 301, 271, 306]
2024-09-30 23:08:32,903 - INFO - Feeded inputs shape: torch.Size([1, 1, 16, 16])
2024-09-30 23:08:32,903 - INFO - Feeded mask shape: torch.Size([1, 16, 16])
2024-09-30 23:08:32,915 - INFO - Output shape: torch.Size([1, 2, 16, 16])
2024-09-30 23:08:32,927 - INFO - Loss: 1.1213809251785278
2024-09-30 23:08:32,929 - INFO - Slice 17 | [268, 288, 279, 299]
2024-09-30 23:08:32,930 - INFO - Image shape: torch.Size([1, 512, 512])
2024-09-30 23:08:32,933 - INFO - Slice 17 | [271, 226, 275, 230]
2024-09-30 23:08:32,934 - INFO - Image shape: torch.Size([1, 512, 512])
2024-09-30 23:08:32,938 - INFO - Cropped Images length: 2
2024-09-30 23:08:32,939 - INFO - Cropped Labels length: 2
2024-09-30 23:08:32,940 - INFO - Cropped Images number of slices: 35
2024-09-30 23:08:32,940 - INFO - Cropped Labels number of slices: 35
2024-09-30 23:08:32,942 - INFO - Multiple classes found on slice: 16
2024-09-30 23:08:32,942 - INFO - Mask shape: torch.Size([16, 16])
2024-09-30 23:08:32,943 - INFO - Image shape: torch.Size([16, 16])
2024-09-30 23:08:32,944 - INFO - MRI Case 101 Slice 16 CMB coordinates [268, 288, 279, 299]
2024-09-30 23:08:32,944 - INFO - Mask Case 101 Slice 16 CMB coordinates [268, 288, 279, 299]
2024-09-30 23:08:32,945 - INFO - Learning on Case 101 Slice 16 CMB coordinates [268, 288, 279, 299]
2024-09-30 23:08:32,946 - INFO - Feeded inputs shape: torch.Size([1, 1, 16, 16])
2024-09-30 23:08:32,947 - INFO - Feeded mask shape: torch.Size([1, 16, 16])
2024-09-30 23:08:32,957 - INFO - Output shape: torch.Size([1, 2, 16, 16])
2024-09-30 23:08:32,971 - INFO - Loss: 2.290471076965332
2024-09-30 23:08:32,972 - INFO - Multiple classes found on slice: 17
2024-09-30 23:08:32,972 - INFO - Mask shape: torch.Size([16, 16])
2024-09-30 23:08:32,973 - INFO - Image shape: torch.Size([16, 16])
2024-09-30 23:08:32,973 - INFO - MRI Case 101 Slice 17 CMB coordinates [268, 288, 279, 299]
2024-09-30 23:08:32,974 - INFO - Mask Case 101 Slice 17 CMB coordinates [268, 288, 279, 299]
2024-09-30 23:08:32,974 - INFO - Learning on Case 101 Slice 17 CMB coordinates [268, 288, 279, 299]
2024-09-30 23:08:32,976 - INFO - Feeded inputs shape: torch.Size([1, 1, 16, 16])
2024-09-30 23:08:32,977 - INFO - Feeded mask shape: torch.Size([1, 16, 16])
2024-09-30 23:08:32,984 - INFO - Output shape: torch.Size([1, 2, 16, 16])
2024-09-30 23:08:32,994 - INFO - Loss: 1.560950517654419
2024-09-30 23:08:32,996 - WARNING - No bounding boxes found on slice 18
2024-09-30 23:08:32,997 - WARNING - No bounding boxes found on slice 19
2024-09-30 23:08:32,997 - WARNING - No bounding boxes found on slice 20
2024-09-30 23:08:32,998 - WARNING - No bounding boxes found on slice 21
2024-09-30 23:08:32,999 - WARNING - No bounding boxes found on slice 22
2024-09-30 23:08:32,999 - WARNING - No bounding boxes found on slice 23
2024-09-30 23:08:33,000 - WARNING - No bounding boxes found on slice 24
2024-09-30 23:08:33,000 - WARNING - No bounding boxes found on slice 25
2024-09-30 23:08:33,001 - WARNING - No bounding boxes found on slice 26
2024-09-30 23:08:33,002 - INFO - Slice 27 | [254, 303, 258, 308]
2024-09-30 23:08:33,002 - INFO - Image shape: torch.Size([1, 512, 512])
2024-09-30 23:08:33,006 - INFO - Cropped Images length: 1
2024-09-30 23:08:33,007 - INFO - Cropped Labels length: 1
2024-09-30 23:08:33,007 - INFO - Cropped Images number of slices: 35
2024-09-30 23:08:33,008 - INFO - Cropped Labels number of slices: 35
2024-09-30 23:08:33,009 - INFO - Multiple classes found on slice: 27
2024-09-30 23:08:33,010 - INFO - Mask shape: torch.Size([16, 16])
2024-09-30 23:08:33,010 - INFO - Image shape: torch.Size([16, 16])
2024-09-30 23:08:33,011 - INFO - MRI Case 101 Slice 27 CMB coordinates [254, 303, 258, 308]
2024-09-30 23:08:33,011 - INFO - Mask Case 101 Slice 27 CMB coordinates [254, 303, 258, 308]
2024-09-30 23:08:33,012 - INFO - Learning on Case 101 Slice 27 CMB coordinates [254, 303, 258, 308]
2024-09-30 23:08:33,013 - INFO - Feeded inputs shape: torch.Size([1, 1, 16, 16])
2024-09-30 23:08:33,013 - INFO - Feeded mask shape: torch.Size([1, 16, 16])
2024-09-30 23:08:33,021 - INFO - Output shape: torch.Size([1, 2, 16, 16])
2024-09-30 23:08:33,034 - INFO - Loss: 1.0392844676971436
2024-09-30 23:08:33,035 - WARNING - No bounding boxes found on slice 28
2024-09-30 23:08:33,036 - WARNING - No bounding boxes found on slice 29
2024-09-30 23:08:33,038 - WARNING - No bounding boxes found on slice 30
2024-09-30 23:08:33,038 - WARNING - No bounding boxes found on slice 31
2024-09-30 23:08:33,039 - WARNING - No bounding boxes found on slice 32
2024-09-30 23:08:33,040 - WARNING - No bounding boxes found on slice 33
2024-09-30 23:08:33,040 - WARNING - No bounding boxes found on slice 34
2024-09-30 23:08:33,400 - INFO - Training with Case: 111
2024-09-30 23:08:33,402 - WARNING - No bounding boxes found on slice 0
2024-09-30 23:08:33,402 - WARNING - No bounding boxes found on slice 1
2024-09-30 23:08:33,403 - WARNING - No bounding boxes found on slice 2
2024-09-30 23:08:33,404 - WARNING - No bounding boxes found on slice 3
2024-09-30 23:08:33,405 - WARNING - No bounding boxes found on slice 4
2024-09-30 23:08:33,406 - WARNING - No bounding boxes found on slice 5
2024-09-30 23:08:33,407 - WARNING - No bounding boxes found on slice 6
2024-09-30 23:08:33,407 - WARNING - No bounding boxes found on slice 7
2024-09-30 23:08:33,408 - WARNING - No bounding boxes found on slice 8
2024-09-30 23:08:33,408 - INFO - Slice 9 | [263, 338, 267, 343]
2024-09-30 23:08:33,409 - INFO - Image shape: torch.Size([1, 512, 512])
2024-09-30 23:08:33,413 - INFO - Cropped Images length: 1
2024-09-30 23:08:33,414 - INFO - Cropped Labels length: 1
2024-09-30 23:08:33,414 - INFO - Cropped Images number of slices: 35
2024-09-30 23:08:33,416 - INFO - Cropped Labels number of slices: 35
2024-09-30 23:08:33,417 - INFO - Multiple classes found on slice: 9
2024-09-30 23:08:33,417 - INFO - Mask shape: torch.Size([16, 16])
2024-09-30 23:08:33,418 - INFO - Image shape: torch.Size([16, 16])
2024-09-30 23:08:33,418 - INFO - MRI Case 111 Slice 9 CMB coordinates [263, 338, 267, 343]
2024-09-30 23:08:33,419 - INFO - Mask Case 111 Slice 9 CMB coordinates [263, 338, 267, 343]
2024-09-30 23:08:33,420 - INFO - Learning on Case 111 Slice 9 CMB coordinates [263, 338, 267, 343]
2024-09-30 23:08:33,421 - INFO - Feeded inputs shape: torch.Size([1, 1, 16, 16])
2024-09-30 23:08:33,422 - INFO - Feeded mask shape: torch.Size([1, 16, 16])
2024-09-30 23:08:33,431 - INFO - Output shape: torch.Size([1, 2, 16, 16])
2024-09-30 23:08:33,444 - INFO - Loss: 0.7202355861663818
2024-09-30 23:08:33,447 - WARNING - No bounding boxes found on slice 10
2024-09-30 23:08:33,449 - WARNING - No bounding boxes found on slice 11
2024-09-30 23:08:33,451 - WARNING - No bounding boxes found on slice 12
2024-09-30 23:08:33,451 - WARNING - No bounding boxes found on slice 13
2024-09-30 23:08:33,452 - WARNING - No bounding boxes found on slice 14
2024-09-30 23:08:33,453 - WARNING - No bounding boxes found on slice 15
2024-09-30 23:08:33,454 - WARNING - No bounding boxes found on slice 16
2024-09-30 23:08:33,454 - WARNING - No bounding boxes found on slice 17
2024-09-30 23:08:33,454 - INFO - Slice 18 | [279, 177, 287, 185]
2024-09-30 23:08:33,456 - INFO - Image shape: torch.Size([1, 512, 512])
2024-09-30 23:08:33,460 - INFO - Cropped Images length: 1
2024-09-30 23:08:33,461 - INFO - Cropped Labels length: 1
2024-09-30 23:08:33,461 - INFO - Cropped Images number of slices: 35
2024-09-30 23:08:33,462 - INFO - Cropped Labels number of slices: 35
2024-09-30 23:08:33,463 - INFO - Multiple classes found on slice: 18
2024-09-30 23:08:33,464 - INFO - Mask shape: torch.Size([16, 16])
2024-09-30 23:08:33,464 - INFO - Image shape: torch.Size([16, 16])
2024-09-30 23:08:33,464 - INFO - MRI Case 111 Slice 18 CMB coordinates [279, 177, 287, 185]
2024-09-30 23:08:33,466 - INFO - Mask Case 111 Slice 18 CMB coordinates [279, 177, 287, 185]
2024-09-30 23:08:33,466 - INFO - Learning on Case 111 Slice 18 CMB coordinates [279, 177, 287, 185]
2024-09-30 23:08:33,467 - INFO - Feeded inputs shape: torch.Size([1, 1, 16, 16])
2024-09-30 23:08:33,468 - INFO - Feeded mask shape: torch.Size([1, 16, 16])
2024-09-30 23:08:33,477 - INFO - Output shape: torch.Size([1, 2, 16, 16])
2024-09-30 23:08:33,489 - INFO - Loss: 1.306097149848938
2024-09-30 23:08:33,490 - INFO - Multiple classes found on slice: 19
2024-09-30 23:08:33,491 - INFO - Mask shape: torch.Size([16, 16])
2024-09-30 23:08:33,492 - INFO - Image shape: torch.Size([16, 16])
2024-09-30 23:08:33,492 - INFO - MRI Case 111 Slice 19 CMB coordinates [279, 177, 287, 185]
2024-09-30 23:08:33,493 - INFO - Mask Case 111 Slice 19 CMB coordinates [279, 177, 287, 185]
2024-09-30 23:08:33,493 - INFO - Learning on Case 111 Slice 19 CMB coordinates [279, 177, 287, 185]
2024-09-30 23:08:33,495 - INFO - Feeded inputs shape: torch.Size([1, 1, 16, 16])
2024-09-30 23:08:33,496 - INFO - Feeded mask shape: torch.Size([1, 16, 16])
2024-09-30 23:08:33,504 - INFO - Output shape: torch.Size([1, 2, 16, 16])
2024-09-30 23:08:33,516 - INFO - Loss: 1.0390301942825317
2024-09-30 23:08:33,517 - INFO - Slice 19 | [356, 211, 361, 217]
2024-09-30 23:08:33,518 - INFO - Image shape: torch.Size([1, 512, 512])
2024-09-30 23:08:33,522 - INFO - Slice 19 | [279, 176, 288, 186]
2024-09-30 23:08:33,522 - INFO - Image shape: torch.Size([1, 512, 512])
2024-09-30 23:08:33,526 - INFO - Cropped Images length: 2
2024-09-30 23:08:33,527 - INFO - Cropped Labels length: 2
2024-09-30 23:08:33,527 - INFO - Cropped Images number of slices: 35
2024-09-30 23:08:33,527 - INFO - Cropped Labels number of slices: 35
2024-09-30 23:08:33,529 - INFO - Multiple classes found on slice: 19
2024-09-30 23:08:33,529 - INFO - Mask shape: torch.Size([16, 16])
2024-09-30 23:08:33,529 - INFO - Image shape: torch.Size([16, 16])
2024-09-30 23:08:33,530 - INFO - MRI Case 111 Slice 19 CMB coordinates [356, 211, 361, 217]
2024-09-30 23:08:33,530 - INFO - Mask Case 111 Slice 19 CMB coordinates [356, 211, 361, 217]
2024-09-30 23:08:33,531 - INFO - Learning on Case 111 Slice 19 CMB coordinates [356, 211, 361, 217]
2024-09-30 23:08:33,533 - INFO - Feeded inputs shape: torch.Size([1, 1, 16, 16])
2024-09-30 23:08:33,533 - INFO - Feeded mask shape: torch.Size([1, 16, 16])
2024-09-30 23:08:33,540 - INFO - Output shape: torch.Size([1, 2, 16, 16])
2024-09-30 23:08:33,557 - INFO - Loss: 1.2699326276779175
2024-09-30 23:08:33,559 - INFO - Slice 20 | [355, 210, 363, 218]
2024-09-30 23:08:33,559 - INFO - Image shape: torch.Size([1, 512, 512])
2024-09-30 23:08:33,563 - INFO - Cropped Images length: 1
2024-09-30 23:08:33,563 - INFO - Cropped Labels length: 1
2024-09-30 23:08:33,564 - INFO - Cropped Images number of slices: 35
2024-09-30 23:08:33,564 - INFO - Cropped Labels number of slices: 35
2024-09-30 23:08:33,566 - INFO - Multiple classes found on slice: 19
2024-09-30 23:08:33,567 - INFO - Mask shape: torch.Size([16, 16])
2024-09-30 23:08:33,567 - INFO - Image shape: torch.Size([16, 16])
2024-09-30 23:08:33,567 - INFO - MRI Case 111 Slice 19 CMB coordinates [355, 210, 363, 218]
2024-09-30 23:08:33,567 - INFO - Mask Case 111 Slice 19 CMB coordinates [355, 210, 363, 218]
2024-09-30 23:08:33,568 - INFO - Learning on Case 111 Slice 19 CMB coordinates [355, 210, 363, 218]
2024-09-30 23:08:33,569 - INFO - Feeded inputs shape: torch.Size([1, 1, 16, 16])
2024-09-30 23:08:33,570 - INFO - Feeded mask shape: torch.Size([1, 16, 16])
2024-09-30 23:08:33,577 - INFO - Output shape: torch.Size([1, 2, 16, 16])
2024-09-30 23:08:33,588 - INFO - Loss: 1.5529307126998901
2024-09-30 23:08:33,589 - INFO - Multiple classes found on slice: 20
2024-09-30 23:08:33,589 - INFO - Mask shape: torch.Size([16, 16])
2024-09-30 23:08:33,590 - INFO - Image shape: torch.Size([16, 16])
2024-09-30 23:08:33,590 - INFO - MRI Case 111 Slice 20 CMB coordinates [355, 210, 363, 218]
2024-09-30 23:08:33,591 - INFO - Mask Case 111 Slice 20 CMB coordinates [355, 210, 363, 218]
2024-09-30 23:08:33,591 - INFO - Learning on Case 111 Slice 20 CMB coordinates [355, 210, 363, 218]
2024-09-30 23:08:33,592 - INFO - Feeded inputs shape: torch.Size([1, 1, 16, 16])
2024-09-30 23:08:33,593 - INFO - Feeded mask shape: torch.Size([1, 16, 16])
2024-09-30 23:08:33,599 - INFO - Output shape: torch.Size([1, 2, 16, 16])
2024-09-30 23:08:33,610 - INFO - Loss: 1.8915727138519287
2024-09-30 23:08:33,611 - WARNING - No bounding boxes found on slice 21
2024-09-30 23:08:33,612 - WARNING - No bounding boxes found on slice 22
2024-09-30 23:08:33,613 - WARNING - No bounding boxes found on slice 23
2024-09-30 23:08:33,614 - WARNING - No bounding boxes found on slice 24
2024-09-30 23:08:33,614 - WARNING - No bounding boxes found on slice 25
2024-09-30 23:08:33,615 - WARNING - No bounding boxes found on slice 26
2024-09-30 23:08:33,615 - WARNING - No bounding boxes found on slice 27
2024-09-30 23:08:33,616 - WARNING - No bounding boxes found on slice 28
2024-09-30 23:08:33,616 - WARNING - No bounding boxes found on slice 29
2024-09-30 23:08:33,616 - WARNING - No bounding boxes found on slice 30
2024-09-30 23:08:33,617 - WARNING - No bounding boxes found on slice 31
2024-09-30 23:08:33,618 - WARNING - No bounding boxes found on slice 32
2024-09-30 23:08:33,618 - WARNING - No bounding boxes found on slice 33
2024-09-30 23:08:33,619 - WARNING - No bounding boxes found on slice 34
2024-09-30 23:08:33,975 - INFO - Training with Case: 103
2024-09-30 23:08:33,976 - WARNING - No bounding boxes found on slice 0
2024-09-30 23:08:33,977 - WARNING - No bounding boxes found on slice 1
2024-09-30 23:08:33,978 - WARNING - No bounding boxes found on slice 2
2024-09-30 23:08:33,979 - WARNING - No bounding boxes found on slice 3
2024-09-30 23:08:33,979 - WARNING - No bounding boxes found on slice 4
2024-09-30 23:08:33,980 - INFO - Slice 5 | [132, 278, 138, 283]
2024-09-30 23:08:33,980 - INFO - Image shape: torch.Size([1, 512, 512])
2024-09-30 23:08:33,984 - INFO - Cropped Images length: 1
2024-09-30 23:08:33,985 - INFO - Cropped Labels length: 1
2024-09-30 23:08:33,986 - INFO - Cropped Images number of slices: 35
2024-09-30 23:08:33,987 - INFO - Cropped Labels number of slices: 35
2024-09-30 23:08:33,987 - INFO - Multiple classes found on slice: 5
2024-09-30 23:08:33,988 - INFO - Mask shape: torch.Size([16, 16])
2024-09-30 23:08:33,988 - INFO - Image shape: torch.Size([16, 16])
2024-09-30 23:08:33,989 - INFO - MRI Case 103 Slice 5 CMB coordinates [132, 278, 138, 283]
2024-09-30 23:08:33,990 - INFO - Mask Case 103 Slice 5 CMB coordinates [132, 278, 138, 283]
2024-09-30 23:08:33,990 - INFO - Learning on Case 103 Slice 5 CMB coordinates [132, 278, 138, 283]
2024-09-30 23:08:33,992 - INFO - Feeded inputs shape: torch.Size([1, 1, 16, 16])
2024-09-30 23:08:33,992 - INFO - Feeded mask shape: torch.Size([1, 16, 16])
2024-09-30 23:08:34,002 - INFO - Output shape: torch.Size([1, 2, 16, 16])
2024-09-30 23:08:34,015 - INFO - Loss: 2.095484733581543
2024-09-30 23:08:34,016 - WARNING - No bounding boxes found on slice 6
2024-09-30 23:08:34,017 - WARNING - No bounding boxes found on slice 7
2024-09-30 23:08:34,018 - WARNING - No bounding boxes found on slice 8
2024-09-30 23:08:34,018 - WARNING - No bounding boxes found on slice 9
2024-09-30 23:08:34,019 - WARNING - No bounding boxes found on slice 10
2024-09-30 23:08:34,020 - WARNING - No bounding boxes found on slice 11
2024-09-30 23:08:34,020 - WARNING - No bounding boxes found on slice 12
2024-09-30 23:08:34,021 - WARNING - No bounding boxes found on slice 13
2024-09-30 23:08:34,022 - WARNING - No bounding boxes found on slice 14
2024-09-30 23:08:34,023 - WARNING - No bounding boxes found on slice 15
2024-09-30 23:08:34,023 - WARNING - No bounding boxes found on slice 16
2024-09-30 23:08:34,024 - INFO - Slice 17 | [236, 244, 245, 253]
2024-09-30 23:08:34,025 - INFO - Image shape: torch.Size([1, 512, 512])
2024-09-30 23:08:34,031 - INFO - Slice 17 | [212, 229, 218, 234]
2024-09-30 23:08:34,032 - INFO - Image shape: torch.Size([1, 512, 512])
2024-09-30 23:08:34,036 - INFO - Cropped Images length: 2
2024-09-30 23:08:34,036 - INFO - Cropped Labels length: 2
2024-09-30 23:08:34,037 - INFO - Cropped Images number of slices: 35
2024-09-30 23:08:34,037 - INFO - Cropped Labels number of slices: 35
2024-09-30 23:08:34,038 - INFO - Multiple classes found on slice: 17
2024-09-30 23:08:34,039 - INFO - Mask shape: torch.Size([16, 16])
2024-09-30 23:08:34,039 - INFO - Image shape: torch.Size([16, 16])
2024-09-30 23:08:34,040 - INFO - MRI Case 103 Slice 17 CMB coordinates [236, 244, 245, 253]
2024-09-30 23:08:34,040 - INFO - Mask Case 103 Slice 17 CMB coordinates [236, 244, 245, 253]
2024-09-30 23:08:34,041 - INFO - Learning on Case 103 Slice 17 CMB coordinates [236, 244, 245, 253]
2024-09-30 23:08:34,043 - INFO - Feeded inputs shape: torch.Size([1, 1, 16, 16])
2024-09-30 23:08:34,043 - INFO - Feeded mask shape: torch.Size([1, 16, 16])
2024-09-30 23:08:34,052 - INFO - Output shape: torch.Size([1, 2, 16, 16])
2024-09-30 23:08:34,063 - INFO - Loss: 1.9039125442504883
2024-09-30 23:08:34,064 - INFO - Slice 18 | [211, 227, 219, 235]
2024-09-30 23:08:34,064 - INFO - Image shape: torch.Size([1, 512, 512])
2024-09-30 23:08:34,068 - INFO - Cropped Images length: 1
2024-09-30 23:08:34,069 - INFO - Cropped Labels length: 1
2024-09-30 23:08:34,069 - INFO - Cropped Images number of slices: 35
2024-09-30 23:08:34,070 - INFO - Cropped Labels number of slices: 35
2024-09-30 23:08:34,071 - INFO - Multiple classes found on slice: 17
2024-09-30 23:08:34,071 - INFO - Mask shape: torch.Size([16, 16])
2024-09-30 23:08:34,072 - INFO - Image shape: torch.Size([16, 16])
2024-09-30 23:08:34,072 - INFO - MRI Case 103 Slice 17 CMB coordinates [211, 227, 219, 235]
2024-09-30 23:08:34,073 - INFO - Mask Case 103 Slice 17 CMB coordinates [211, 227, 219, 235]
2024-09-30 23:08:34,073 - INFO - Learning on Case 103 Slice 17 CMB coordinates [211, 227, 219, 235]
2024-09-30 23:08:34,075 - INFO - Feeded inputs shape: torch.Size([1, 1, 16, 16])
2024-09-30 23:08:34,076 - INFO - Feeded mask shape: torch.Size([1, 16, 16])
2024-09-30 23:08:34,083 - INFO - Output shape: torch.Size([1, 2, 16, 16])
2024-09-30 23:08:34,094 - INFO - Loss: 1.1471643447875977
2024-09-30 23:08:34,094 - INFO - Multiple classes found on slice: 18
2024-09-30 23:08:34,094 - INFO - Mask shape: torch.Size([16, 16])
2024-09-30 23:08:34,095 - INFO - Image shape: torch.Size([16, 16])
2024-09-30 23:08:34,095 - INFO - MRI Case 103 Slice 18 CMB coordinates [211, 227, 219, 235]
2024-09-30 23:08:34,096 - INFO - Mask Case 103 Slice 18 CMB coordinates [211, 227, 219, 235]
2024-09-30 23:08:34,097 - INFO - Learning on Case 103 Slice 18 CMB coordinates [211, 227, 219, 235]
2024-09-30 23:08:34,098 - INFO - Feeded inputs shape: torch.Size([1, 1, 16, 16])
2024-09-30 23:08:34,099 - INFO - Feeded mask shape: torch.Size([1, 16, 16])
2024-09-30 23:08:34,105 - INFO - Output shape: torch.Size([1, 2, 16, 16])
2024-09-30 23:08:34,119 - INFO - Loss: 1.2216780185699463
2024-09-30 23:08:34,121 - INFO - Slice 19 | [186, 185, 191, 189]
2024-09-30 23:08:34,122 - INFO - Image shape: torch.Size([1, 512, 512])
2024-09-30 23:08:34,127 - INFO - Cropped Images length: 1
2024-09-30 23:08:34,128 - INFO - Cropped Labels length: 1
2024-09-30 23:08:34,129 - INFO - Cropped Images number of slices: 35
2024-09-30 23:08:34,129 - INFO - Cropped Labels number of slices: 35
2024-09-30 23:08:34,131 - INFO - Multiple classes found on slice: 19
2024-09-30 23:08:34,132 - INFO - Mask shape: torch.Size([16, 16])
2024-09-30 23:08:34,133 - INFO - Image shape: torch.Size([16, 16])
2024-09-30 23:08:34,133 - INFO - MRI Case 103 Slice 19 CMB coordinates [186, 185, 191, 189]
2024-09-30 23:08:34,134 - INFO - Mask Case 103 Slice 19 CMB coordinates [186, 185, 191, 189]
2024-09-30 23:08:34,134 - INFO - Learning on Case 103 Slice 19 CMB coordinates [186, 185, 191, 189]
2024-09-30 23:08:34,137 - INFO - Feeded inputs shape: torch.Size([1, 1, 16, 16])
2024-09-30 23:08:34,138 - INFO - Feeded mask shape: torch.Size([1, 16, 16])
2024-09-30 23:08:34,150 - INFO - Output shape: torch.Size([1, 2, 16, 16])
2024-09-30 23:08:34,161 - INFO - Loss: 1.3660401105880737
2024-09-30 23:08:34,164 - INFO - Slice 20 | [252, 199, 257, 204]
2024-09-30 23:08:34,166 - INFO - Image shape: torch.Size([1, 512, 512])
2024-09-30 23:08:34,170 - INFO - Slice 20 | [185, 183, 192, 193]
2024-09-30 23:08:34,170 - INFO - Image shape: torch.Size([1, 512, 512])
2024-09-30 23:08:34,174 - INFO - Cropped Images length: 2
2024-09-30 23:08:34,175 - INFO - Cropped Labels length: 2
2024-09-30 23:08:34,176 - INFO - Cropped Images number of slices: 35
2024-09-30 23:08:34,177 - INFO - Cropped Labels number of slices: 35
2024-09-30 23:08:34,178 - INFO - Multiple classes found on slice: 20
2024-09-30 23:08:34,178 - INFO - Mask shape: torch.Size([16, 16])
2024-09-30 23:08:34,179 - INFO - Image shape: torch.Size([16, 16])
2024-09-30 23:08:34,179 - INFO - MRI Case 103 Slice 20 CMB coordinates [252, 199, 257, 204]
2024-09-30 23:08:34,179 - INFO - Mask Case 103 Slice 20 CMB coordinates [252, 199, 257, 204]
2024-09-30 23:08:34,180 - INFO - Learning on Case 103 Slice 20 CMB coordinates [252, 199, 257, 204]
2024-09-30 23:08:34,182 - INFO - Feeded inputs shape: torch.Size([1, 1, 16, 16])
2024-09-30 23:08:34,182 - INFO - Feeded mask shape: torch.Size([1, 16, 16])
2024-09-30 23:08:34,191 - INFO - Output shape: torch.Size([1, 2, 16, 16])
2024-09-30 23:08:34,203 - INFO - Loss: 1.1981154680252075
2024-09-30 23:08:34,204 - INFO - Slice 21 | [243, 218, 247, 222]
2024-09-30 23:08:34,204 - INFO - Image shape: torch.Size([1, 512, 512])
2024-09-30 23:08:34,208 - INFO - Cropped Images length: 1
2024-09-30 23:08:34,208 - INFO - Cropped Labels length: 1
2024-09-30 23:08:34,209 - INFO - Cropped Images number of slices: 35
2024-09-30 23:08:34,209 - INFO - Cropped Labels number of slices: 35
2024-09-30 23:08:34,211 - INFO - Multiple classes found on slice: 21
2024-09-30 23:08:34,211 - INFO - Mask shape: torch.Size([16, 16])
2024-09-30 23:08:34,211 - INFO - Image shape: torch.Size([16, 16])
2024-09-30 23:08:34,212 - INFO - MRI Case 103 Slice 21 CMB coordinates [243, 218, 247, 222]
2024-09-30 23:08:34,212 - INFO - Mask Case 103 Slice 21 CMB coordinates [243, 218, 247, 222]
2024-09-30 23:08:34,213 - INFO - Learning on Case 103 Slice 21 CMB coordinates [243, 218, 247, 222]
2024-09-30 23:08:34,214 - INFO - Feeded inputs shape: torch.Size([1, 1, 16, 16])
2024-09-30 23:08:34,214 - INFO - Feeded mask shape: torch.Size([1, 16, 16])
2024-09-30 23:08:34,222 - INFO - Output shape: torch.Size([1, 2, 16, 16])
2024-09-30 23:08:34,234 - INFO - Loss: 0.7831199169158936
2024-09-30 23:08:34,237 - WARNING - No bounding boxes found on slice 22
2024-09-30 23:08:34,238 - WARNING - No bounding boxes found on slice 23
2024-09-30 23:08:34,238 - WARNING - No bounding boxes found on slice 24
2024-09-30 23:08:34,239 - WARNING - No bounding boxes found on slice 25
2024-09-30 23:08:34,240 - WARNING - No bounding boxes found on slice 26
2024-09-30 23:08:34,240 - WARNING - No bounding boxes found on slice 27
2024-09-30 23:08:34,241 - WARNING - No bounding boxes found on slice 28
2024-09-30 23:08:34,241 - WARNING - No bounding boxes found on slice 29
2024-09-30 23:08:34,242 - WARNING - No bounding boxes found on slice 30
2024-09-30 23:08:34,243 - WARNING - No bounding boxes found on slice 31
2024-09-30 23:08:34,243 - WARNING - No bounding boxes found on slice 32
2024-09-30 23:08:34,244 - WARNING - No bounding boxes found on slice 33
2024-09-30 23:08:34,244 - WARNING - No bounding boxes found on slice 34
2024-09-30 23:08:34,579 - INFO - Training with Case: 106
2024-09-30 23:08:34,580 - WARNING - No bounding boxes found on slice 0
2024-09-30 23:08:34,581 - WARNING - No bounding boxes found on slice 1
2024-09-30 23:08:34,582 - WARNING - No bounding boxes found on slice 2
2024-09-30 23:08:34,583 - WARNING - No bounding boxes found on slice 3
2024-09-30 23:08:34,583 - WARNING - No bounding boxes found on slice 4
2024-09-30 23:08:34,584 - WARNING - No bounding boxes found on slice 5
2024-09-30 23:08:34,584 - WARNING - No bounding boxes found on slice 6
2024-09-30 23:08:34,586 - WARNING - No bounding boxes found on slice 7
2024-09-30 23:08:34,586 - WARNING - No bounding boxes found on slice 8
2024-09-30 23:08:34,587 - WARNING - No bounding boxes found on slice 9
2024-09-30 23:08:34,587 - WARNING - No bounding boxes found on slice 10
2024-09-30 23:08:34,588 - INFO - Slice 11 | [85, 308, 89, 312]
2024-09-30 23:08:34,589 - INFO - Image shape: torch.Size([1, 512, 512])
2024-09-30 23:08:34,594 - INFO - Cropped Images length: 1
2024-09-30 23:08:34,594 - INFO - Cropped Labels length: 1
2024-09-30 23:08:34,596 - INFO - Cropped Images number of slices: 35
2024-09-30 23:08:34,596 - INFO - Cropped Labels number of slices: 35
2024-09-30 23:08:34,597 - INFO - Multiple classes found on slice: 11
2024-09-30 23:08:34,598 - INFO - Mask shape: torch.Size([16, 16])
2024-09-30 23:08:34,598 - INFO - Image shape: torch.Size([16, 16])
2024-09-30 23:08:34,599 - INFO - MRI Case 106 Slice 11 CMB coordinates [85, 308, 89, 312]
2024-09-30 23:08:34,600 - INFO - Mask Case 106 Slice 11 CMB coordinates [85, 308, 89, 312]
2024-09-30 23:08:34,600 - INFO - Learning on Case 106 Slice 11 CMB coordinates [85, 308, 89, 312]
2024-09-30 23:08:34,602 - INFO - Feeded inputs shape: torch.Size([1, 1, 16, 16])
2024-09-30 23:08:34,602 - INFO - Feeded mask shape: torch.Size([1, 16, 16])
2024-09-30 23:08:34,612 - INFO - Output shape: torch.Size([1, 2, 16, 16])
2024-09-30 23:08:34,624 - INFO - Loss: 1.1421855688095093
2024-09-30 23:08:34,625 - WARNING - No bounding boxes found on slice 12
2024-09-30 23:08:34,626 - INFO - Slice 13 | [99, 318, 103, 322]
2024-09-30 23:08:34,626 - INFO - Image shape: torch.Size([1, 512, 512])
2024-09-30 23:08:34,632 - INFO - Cropped Images length: 1
2024-09-30 23:08:34,632 - INFO - Cropped Labels length: 1
2024-09-30 23:08:34,632 - INFO - Cropped Images number of slices: 35
2024-09-30 23:08:34,633 - INFO - Cropped Labels number of slices: 35
2024-09-30 23:08:34,634 - INFO - Multiple classes found on slice: 13
2024-09-30 23:08:34,635 - INFO - Mask shape: torch.Size([16, 16])
2024-09-30 23:08:34,635 - INFO - Image shape: torch.Size([16, 16])
2024-09-30 23:08:34,637 - INFO - MRI Case 106 Slice 13 CMB coordinates [99, 318, 103, 322]
2024-09-30 23:08:34,637 - INFO - Mask Case 106 Slice 13 CMB coordinates [99, 318, 103, 322]
2024-09-30 23:08:34,637 - INFO - Learning on Case 106 Slice 13 CMB coordinates [99, 318, 103, 322]
2024-09-30 23:08:34,639 - INFO - Feeded inputs shape: torch.Size([1, 1, 16, 16])
2024-09-30 23:08:34,640 - INFO - Feeded mask shape: torch.Size([1, 16, 16])
2024-09-30 23:08:34,649 - INFO - Output shape: torch.Size([1, 2, 16, 16])
2024-09-30 23:08:34,661 - INFO - Loss: 0.7552309036254883
2024-09-30 23:08:34,662 - INFO - Slice 14 | [118, 190, 122, 194]
2024-09-30 23:08:34,663 - INFO - Image shape: torch.Size([1, 512, 512])
2024-09-30 23:08:34,666 - INFO - Cropped Images length: 1
2024-09-30 23:08:34,666 - INFO - Cropped Labels length: 1
2024-09-30 23:08:34,667 - INFO - Cropped Images number of slices: 35
2024-09-30 23:08:34,667 - INFO - Cropped Labels number of slices: 35
2024-09-30 23:08:34,669 - INFO - Multiple classes found on slice: 14
2024-09-30 23:08:34,669 - INFO - Mask shape: torch.Size([16, 16])
2024-09-30 23:08:34,670 - INFO - Image shape: torch.Size([16, 16])
2024-09-30 23:08:34,670 - INFO - MRI Case 106 Slice 14 CMB coordinates [118, 190, 122, 194]
2024-09-30 23:08:34,671 - INFO - Mask Case 106 Slice 14 CMB coordinates [118, 190, 122, 194]
2024-09-30 23:08:34,671 - INFO - Learning on Case 106 Slice 14 CMB coordinates [118, 190, 122, 194]
2024-09-30 23:08:34,673 - INFO - Feeded inputs shape: torch.Size([1, 1, 16, 16])
2024-09-30 23:08:34,673 - INFO - Feeded mask shape: torch.Size([1, 16, 16])
2024-09-30 23:08:34,680 - INFO - Output shape: torch.Size([1, 2, 16, 16])
2024-09-30 23:08:34,690 - INFO - Loss: 1.1876630783081055
2024-09-30 23:08:34,691 - WARNING - No bounding boxes found on slice 15
2024-09-30 23:08:34,692 - WARNING - No bounding boxes found on slice 16
2024-09-30 23:08:34,693 - WARNING - No bounding boxes found on slice 17
2024-09-30 23:08:34,694 - WARNING - No bounding boxes found on slice 18
2024-09-30 23:08:34,694 - WARNING - No bounding boxes found on slice 19
2024-09-30 23:08:34,694 - WARNING - No bounding boxes found on slice 20
2024-09-30 23:08:34,696 - WARNING - No bounding boxes found on slice 21
2024-09-30 23:08:34,696 - WARNING - No bounding boxes found on slice 22
2024-09-30 23:08:34,697 - WARNING - No bounding boxes found on slice 23
2024-09-30 23:08:34,697 - WARNING - No bounding boxes found on slice 24
2024-09-30 23:08:34,698 - WARNING - No bounding boxes found on slice 25
2024-09-30 23:08:34,698 - WARNING - No bounding boxes found on slice 26
2024-09-30 23:08:34,699 - WARNING - No bounding boxes found on slice 27
2024-09-30 23:08:34,700 - WARNING - No bounding boxes found on slice 28
2024-09-30 23:08:34,700 - WARNING - No bounding boxes found on slice 29
2024-09-30 23:08:34,701 - WARNING - No bounding boxes found on slice 30
2024-09-30 23:08:34,702 - WARNING - No bounding boxes found on slice 31
2024-09-30 23:08:34,702 - WARNING - No bounding boxes found on slice 32
2024-09-30 23:08:34,703 - WARNING - No bounding boxes found on slice 33
2024-09-30 23:08:34,704 - WARNING - No bounding boxes found on slice 34
2024-09-30 23:08:35,069 - WARNING - Skipping case with no CMBs
2024-09-30 23:08:35,420 - INFO - Training with Case: 102
2024-09-30 23:08:35,421 - WARNING - No bounding boxes found on slice 0
2024-09-30 23:08:35,422 - WARNING - No bounding boxes found on slice 1
2024-09-30 23:08:35,423 - WARNING - No bounding boxes found on slice 2
2024-09-30 23:08:35,424 - WARNING - No bounding boxes found on slice 3
2024-09-30 23:08:35,424 - WARNING - No bounding boxes found on slice 4
2024-09-30 23:08:35,426 - WARNING - No bounding boxes found on slice 5
2024-09-30 23:08:35,426 - WARNING - No bounding boxes found on slice 6
2024-09-30 23:08:35,427 - WARNING - No bounding boxes found on slice 7
2024-09-30 23:08:35,428 - WARNING - No bounding boxes found on slice 8
2024-09-30 23:08:35,428 - WARNING - No bounding boxes found on slice 9
2024-09-30 23:08:35,429 - WARNING - No bounding boxes found on slice 10
2024-09-30 23:08:35,430 - WARNING - No bounding boxes found on slice 11
2024-09-30 23:08:35,431 - WARNING - No bounding boxes found on slice 12
2024-09-30 23:08:35,431 - WARNING - No bounding boxes found on slice 13
2024-09-30 23:08:35,432 - WARNING - No bounding boxes found on slice 14
2024-09-30 23:08:35,432 - WARNING - No bounding boxes found on slice 15
2024-09-30 23:08:35,433 - WARNING - No bounding boxes found on slice 16
2024-09-30 23:08:35,434 - INFO - Slice 17 | [246, 316, 255, 325]
2024-09-30 23:08:35,435 - INFO - Image shape: torch.Size([1, 512, 512])
2024-09-30 23:08:35,439 - INFO - Cropped Images length: 1
2024-09-30 23:08:35,439 - INFO - Cropped Labels length: 1
2024-09-30 23:08:35,440 - INFO - Cropped Images number of slices: 35
2024-09-30 23:08:35,440 - INFO - Cropped Labels number of slices: 35
2024-09-30 23:08:35,442 - INFO - Multiple classes found on slice: 17
2024-09-30 23:08:35,442 - INFO - Mask shape: torch.Size([16, 16])
2024-09-30 23:08:35,443 - INFO - Image shape: torch.Size([16, 16])
2024-09-30 23:08:35,444 - INFO - MRI Case 102 Slice 17 CMB coordinates [246, 316, 255, 325]
2024-09-30 23:08:35,444 - INFO - Mask Case 102 Slice 17 CMB coordinates [246, 316, 255, 325]
2024-09-30 23:08:35,444 - INFO - Learning on Case 102 Slice 17 CMB coordinates [246, 316, 255, 325]
2024-09-30 23:08:35,447 - INFO - Feeded inputs shape: torch.Size([1, 1, 16, 16])
2024-09-30 23:08:35,447 - INFO - Feeded mask shape: torch.Size([1, 16, 16])
2024-09-30 23:08:35,456 - INFO - Output shape: torch.Size([1, 2, 16, 16])
2024-09-30 23:08:35,468 - INFO - Loss: 1.2821096181869507
2024-09-30 23:08:35,469 - WARNING - No bounding boxes found on slice 18
2024-09-30 23:08:35,470 - WARNING - No bounding boxes found on slice 19
2024-09-30 23:08:35,471 - WARNING - No bounding boxes found on slice 20
2024-09-30 23:08:35,471 - WARNING - No bounding boxes found on slice 21
2024-09-30 23:08:35,472 - WARNING - No bounding boxes found on slice 22
2024-09-30 23:08:35,473 - WARNING - No bounding boxes found on slice 23
2024-09-30 23:08:35,474 - WARNING - No bounding boxes found on slice 24
2024-09-30 23:08:35,475 - WARNING - No bounding boxes found on slice 25
2024-09-30 23:08:35,475 - WARNING - No bounding boxes found on slice 26
2024-09-30 23:08:35,476 - WARNING - No bounding boxes found on slice 27
2024-09-30 23:08:35,477 - WARNING - No bounding boxes found on slice 28
2024-09-30 23:08:35,477 - WARNING - No bounding boxes found on slice 29
2024-09-30 23:08:35,478 - WARNING - No bounding boxes found on slice 30
2024-09-30 23:08:35,479 - WARNING - No bounding boxes found on slice 31
2024-09-30 23:08:35,480 - WARNING - No bounding boxes found on slice 32
2024-09-30 23:08:35,480 - WARNING - No bounding boxes found on slice 33
2024-09-30 23:08:35,481 - WARNING - No bounding boxes found on slice 34
2024-09-30 23:08:35,773 - INFO - Validation with Case: 107
2024-09-30 23:08:35,776 - WARNING - No bounding boxes found on slice 13
2024-09-30 23:08:35,776 - INFO - Slice 13 | [154, 205, 157, 209]
2024-09-30 23:08:35,781 - INFO - Predicting on Case 107 Slice 13 CMB coordinates [154, 205, 157, 209]
2024-09-30 23:08:35,799 - WARNING - No bounding boxes found on slice 23
2024-09-30 23:08:35,800 - INFO - Slice 23 | [162, 169, 167, 174]
2024-09-30 23:08:35,807 - INFO - Predicting on Case 107 Slice 23 CMB coordinates [162, 169, 167, 174]
2024-09-30 23:08:36,114 - INFO - Validation with Case: 110
2024-09-30 23:08:36,117 - WARNING - No bounding boxes found on slice 11
2024-09-30 23:08:36,117 - INFO - Slice 11 | [151, 359, 155, 362]
2024-09-30 23:08:36,121 - INFO - Slice 11 | [111, 210, 115, 214]
2024-09-30 23:08:36,126 - INFO - Slice 11 | [165, 159, 170, 164]
2024-09-30 23:08:36,130 - INFO - Predicting on Case 110 Slice 11 CMB coordinates [151, 359, 155, 362]
2024-09-30 23:08:36,145 - WARNING - No bounding boxes found on slice 14
2024-09-30 23:08:36,146 - INFO - Slice 14 | [95, 235, 100, 239]
2024-09-30 23:08:36,150 - INFO - Predicting on Case 110 Slice 14 CMB coordinates [95, 235, 100, 239]
2024-09-30 23:08:36,160 - WARNING - No bounding boxes found on slice 18
2024-09-30 23:08:36,160 - INFO - Slice 18 | [241, 309, 245, 313]
2024-09-30 23:08:36,165 - INFO - Predicting on Case 110 Slice 18 CMB coordinates [241, 309, 245, 313]
2024-09-30 23:08:36,175 - WARNING - No bounding boxes found on slice 19
2024-09-30 23:08:36,176 - INFO - Slice 19 | [85, 230, 91, 236]
2024-09-30 23:08:36,180 - INFO - Slice 19 | [102, 197, 106, 200]
2024-09-30 23:08:36,186 - INFO - Predicting on Case 110 Slice 19 CMB coordinates [85, 230, 91, 236]
2024-09-30 23:08:36,194 - INFO - Predicting on Case 110 Slice 21 CMB coordinates [85, 230, 91, 236]
2024-09-30 23:08:36,203 - WARNING - No bounding boxes found on slice 20
2024-09-30 23:08:36,204 - INFO - Slice 20 | [93, 311, 97, 315]
2024-09-30 23:08:36,208 - INFO - Slice 20 | [363, 229, 366, 233]
2024-09-30 23:08:36,212 - INFO - Slice 20 | [133, 161, 137, 165]
2024-09-30 23:08:36,218 - INFO - Predicting on Case 110 Slice 20 CMB coordinates [93, 311, 97, 315]
2024-09-30 23:08:36,226 - WARNING - No bounding boxes found on slice 21
2024-09-30 23:08:36,226 - INFO - Slice 21 | [82, 312, 86, 316]
2024-09-30 23:08:36,230 - INFO - Slice 21 | [91, 255, 97, 260]
2024-09-30 23:08:36,234 - INFO - Slice 21 | [90, 232, 94, 236]
2024-09-30 23:08:36,238 - INFO - Slice 21 | [94, 207, 98, 211]
2024-09-30 23:08:36,243 - INFO - Slice 21 | [81, 204, 86, 208]
2024-09-30 23:08:36,249 - INFO - Slice 21 | [166, 193, 170, 197]
2024-09-30 23:08:36,254 - INFO - Predicting on Case 110 Slice 21 CMB coordinates [82, 312, 86, 316]
2024-09-30 23:08:36,267 - WARNING - No bounding boxes found on slice 22
2024-09-30 23:08:36,267 - INFO - Slice 22 | [177, 223, 181, 228]
2024-09-30 23:08:36,273 - INFO - Slice 22 | [79, 220, 83, 223]
2024-09-30 23:08:36,278 - INFO - Slice 22 | [101, 214, 107, 220]
2024-09-30 23:08:36,283 - INFO - Slice 22 | [78, 213, 80, 216]
2024-09-30 23:08:36,287 - INFO - Slice 22 | [93, 205, 101, 211]
2024-09-30 23:08:36,292 - INFO - Slice 22 | [81, 195, 85, 200]
2024-09-30 23:08:36,297 - INFO - Slice 22 | [90, 188, 95, 191]
2024-09-30 23:08:36,303 - INFO - Slice 22 | [132, 169, 135, 173]
2024-09-30 23:08:36,309 - INFO - Slice 22 | [99, 168, 108, 173]
2024-09-30 23:08:36,314 - INFO - Predicting on Case 110 Slice 22 CMB coordinates [177, 223, 181, 228]
2024-09-30 23:08:36,323 - INFO - Predicting on Case 110 Slice 32 CMB coordinates [177, 223, 181, 228]
2024-09-30 23:08:36,331 - WARNING - No bounding boxes found on slice 23
2024-09-30 23:08:36,332 - INFO - Slice 23 | [182, 234, 186, 239]
2024-09-30 23:08:36,337 - INFO - Slice 23 | [111, 226, 118, 233]
2024-09-30 23:08:36,341 - INFO - Slice 23 | [91, 214, 96, 220]
2024-09-30 23:08:36,344 - INFO - Slice 23 | [97, 213, 101, 218]
2024-09-30 23:08:36,348 - INFO - Slice 23 | [96, 170, 102, 175]
2024-09-30 23:08:36,353 - INFO - Slice 23 | [103, 162, 110, 169]
2024-09-30 23:08:36,358 - INFO - Predicting on Case 110 Slice 23 CMB coordinates [182, 234, 186, 239]
2024-09-30 23:08:36,367 - WARNING - No bounding boxes found on slice 24
2024-09-30 23:08:36,368 - INFO - Slice 24 | [114, 247, 118, 251]
2024-09-30 23:08:36,373 - INFO - Slice 24 | [119, 232, 125, 239]
2024-09-30 23:08:36,378 - INFO - Slice 24 | [108, 224, 118, 233]
2024-09-30 23:08:36,386 - INFO - Slice 24 | [100, 219, 103, 223]
2024-09-30 23:08:36,390 - INFO - Slice 24 | [86, 209, 91, 216]
2024-09-30 23:08:36,397 - INFO - Slice 24 | [99, 205, 103, 209]
2024-09-30 23:08:36,402 - INFO - Slice 24 | [103, 182, 107, 186]
2024-09-30 23:08:36,407 - INFO - Slice 24 | [121, 170, 125, 175]
2024-09-30 23:08:36,412 - INFO - Slice 24 | [118, 152, 124, 159]
2024-09-30 23:08:36,419 - INFO - Predicting on Case 110 Slice 24 CMB coordinates [114, 247, 118, 251]
2024-09-30 23:08:36,432 - WARNING - No bounding boxes found on slice 25
2024-09-30 23:08:36,433 - INFO - Slice 25 | [99, 321, 103, 325]
2024-09-30 23:08:36,438 - INFO - Slice 25 | [142, 242, 145, 245]
2024-09-30 23:08:36,442 - INFO - Slice 25 | [118, 233, 122, 237]
2024-09-30 23:08:36,447 - INFO - Slice 25 | [124, 232, 128, 236]
2024-09-30 23:08:36,452 - INFO - Slice 25 | [113, 230, 117, 234]
2024-09-30 23:08:36,457 - INFO - Slice 25 | [88, 211, 93, 217]
2024-09-30 23:08:36,462 - INFO - Slice 25 | [92, 202, 96, 206]
2024-09-30 23:08:36,466 - INFO - Slice 25 | [96, 198, 102, 203]
2024-09-30 23:08:36,470 - INFO - Slice 25 | [108, 194, 112, 197]
2024-09-30 23:08:36,474 - INFO - Slice 25 | [102, 190, 106, 195]
2024-09-30 23:08:36,478 - INFO - Slice 25 | [116, 172, 127, 186]
2024-09-30 23:08:36,482 - INFO - Slice 25 | [159, 170, 163, 173]
2024-09-30 23:08:36,486 - INFO - Slice 25 | [140, 170, 146, 177]
2024-09-30 23:08:36,490 - INFO - Slice 25 | [118, 167, 123, 171]
2024-09-30 23:08:36,494 - INFO - Slice 25 | [105, 166, 114, 179]
2024-09-30 23:08:36,498 - INFO - Slice 25 | [124, 163, 129, 169]
2024-09-30 23:08:36,502 - INFO - Slice 25 | [139, 162, 143, 166]
2024-09-30 23:08:36,506 - INFO - Predicting on Case 110 Slice 25 CMB coordinates [99, 321, 103, 325]
2024-09-30 23:08:36,514 - WARNING - No bounding boxes found on slice 26
2024-09-30 23:08:36,516 - INFO - Slice 26 | [118, 237, 122, 240]
2024-09-30 23:08:36,520 - INFO - Slice 26 | [157, 236, 160, 239]
2024-09-30 23:08:36,524 - INFO - Slice 26 | [116, 230, 120, 234]
2024-09-30 23:08:36,528 - INFO - Slice 26 | [110, 226, 114, 231]
2024-09-30 23:08:36,532 - INFO - Slice 26 | [89, 220, 95, 225]
2024-09-30 23:08:36,536 - INFO - Slice 26 | [112, 201, 115, 205]
2024-09-30 23:08:36,539 - INFO - Slice 26 | [109, 192, 114, 197]
2024-09-30 23:08:36,543 - INFO - Slice 26 | [118, 191, 122, 194]
2024-09-30 23:08:36,546 - INFO - Slice 26 | [120, 185, 125, 189]
2024-09-30 23:08:36,550 - INFO - Slice 26 | [128, 179, 131, 183]
2024-09-30 23:08:36,554 - INFO - Slice 26 | [123, 175, 128, 179]
2024-09-30 23:08:36,558 - INFO - Slice 26 | [130, 167, 135, 172]
2024-09-30 23:08:36,562 - INFO - Slice 26 | [141, 160, 146, 164]
2024-09-30 23:08:36,566 - INFO - Predicting on Case 110 Slice 24 CMB coordinates [118, 237, 122, 240]
2024-09-30 23:08:36,575 - INFO - Predicting on Case 110 Slice 26 CMB coordinates [118, 237, 122, 240]
2024-09-30 23:08:36,584 - WARNING - No bounding boxes found on slice 27
2024-09-30 23:08:36,584 - INFO - Slice 27 | [117, 297, 121, 302]
2024-09-30 23:08:36,588 - INFO - Slice 27 | [136, 241, 139, 245]
2024-09-30 23:08:36,592 - INFO - Slice 27 | [103, 240, 107, 244]
2024-09-30 23:08:36,597 - INFO - Slice 27 | [102, 233, 106, 237]
2024-09-30 23:08:36,600 - INFO - Slice 27 | [140, 232, 143, 236]
2024-09-30 23:08:36,604 - INFO - Slice 27 | [95, 230, 100, 234]
2024-09-30 23:08:36,608 - INFO - Slice 27 | [120, 177, 126, 185]
2024-09-30 23:08:36,612 - INFO - Slice 27 | [128, 168, 134, 174]
2024-09-30 23:08:36,615 - INFO - Predicting on Case 110 Slice 27 CMB coordinates [117, 297, 121, 302]
2024-09-30 23:08:36,624 - WARNING - No bounding boxes found on slice 28
2024-09-30 23:08:36,624 - INFO - Slice 28 | [169, 245, 173, 249]
2024-09-30 23:08:36,628 - INFO - Slice 28 | [173, 229, 176, 233]
2024-09-30 23:08:36,632 - INFO - Slice 28 | [167, 229, 170, 233]
2024-09-30 23:08:36,637 - INFO - Slice 28 | [109, 221, 115, 227]
2024-09-30 23:08:36,640 - INFO - Slice 28 | [137, 210, 141, 214]
2024-09-30 23:08:36,644 - INFO - Predicting on Case 110 Slice 28 CMB coordinates [169, 245, 173, 249]
2024-09-30 23:08:36,654 - WARNING - No bounding boxes found on slice 29
2024-09-30 23:08:36,655 - INFO - Slice 29 | [141, 232, 145, 236]
2024-09-30 23:08:36,658 - INFO - Slice 29 | [133, 228, 137, 232]
2024-09-30 23:08:36,662 - INFO - Slice 29 | [132, 218, 133, 221]
2024-09-30 23:08:36,666 - INFO - Slice 29 | [137, 208, 145, 214]
2024-09-30 23:08:36,669 - INFO - Slice 29 | [132, 207, 135, 211]
2024-09-30 23:08:36,673 - INFO - Slice 29 | [124, 207, 130, 214]
2024-09-30 23:08:36,679 - INFO - Predicting on Case 110 Slice 27 CMB coordinates [141, 232, 145, 236]
2024-09-30 23:08:36,687 - INFO - Predicting on Case 110 Slice 29 CMB coordinates [141, 232, 145, 236]
2024-09-30 23:08:36,696 - WARNING - No bounding boxes found on slice 30
2024-09-30 23:08:36,697 - INFO - Slice 30 | [150, 297, 154, 302]
2024-09-30 23:08:36,701 - INFO - Slice 30 | [149, 243, 154, 247]
2024-09-30 23:08:36,705 - INFO - Slice 30 | [133, 228, 139, 236]
2024-09-30 23:08:36,708 - INFO - Slice 30 | [172, 225, 175, 228]
2024-09-30 23:08:36,712 - INFO - Slice 30 | [125, 221, 128, 225]
2024-09-30 23:08:36,717 - INFO - Predicting on Case 110 Slice 30 CMB coordinates [150, 297, 154, 302]
2024-09-30 23:08:36,724 - WARNING - No bounding boxes found on slice 31
2024-09-30 23:08:36,724 - INFO - Slice 31 | [166, 231, 170, 235]
2024-09-30 23:08:36,728 - INFO - Slice 31 | [139, 227, 142, 231]
2024-09-30 23:08:36,733 - INFO - Slice 31 | [136, 222, 139, 225]
2024-09-30 23:08:36,738 - INFO - Slice 31 | [171, 221, 176, 227]
2024-09-30 23:08:36,742 - INFO - Slice 31 | [132, 218, 135, 221]
2024-09-30 23:08:36,746 - INFO - Predicting on Case 110 Slice 28 CMB coordinates [166, 231, 170, 235]
2024-09-30 23:08:36,756 - INFO - Predicting on Case 110 Slice 31 CMB coordinates [166, 231, 170, 235]
2024-09-30 23:08:36,764 - WARNING - No bounding boxes found on slice 32
2024-09-30 23:08:36,766 - INFO - Slice 32 | [172, 221, 179, 227]
2024-09-30 23:08:36,771 - INFO - Predicting on Case 110 Slice 22 CMB coordinates [172, 221, 179, 227]
2024-09-30 23:08:36,779 - INFO - Predicting on Case 110 Slice 30 CMB coordinates [172, 221, 179, 227]
2024-09-30 23:08:36,787 - INFO - Predicting on Case 110 Slice 31 CMB coordinates [172, 221, 179, 227]
2024-09-30 23:08:36,800 - INFO - Predicting on Case 110 Slice 32 CMB coordinates [172, 221, 179, 227]
2024-09-30 23:08:37,122 - INFO - Validation with Case: 109
