2024-12-09 13:34:47,242 - INFO - EPOCH 0 ==============================
2024-12-09 13:35:02,860 - INFO - Batch:	1/3
2024-12-09 13:35:02,860 - INFO - Batch samples:	20
2024-12-09 13:35:02,863 - INFO - Current error:	1.3622441291809082

2024-12-09 13:35:18,027 - INFO - Batch:	2/3
2024-12-09 13:35:18,027 - INFO - Batch samples:	20
2024-12-09 13:35:18,033 - INFO - Current error:	1.3400968313217163

2024-12-09 13:35:28,827 - INFO - Batch:	3/3
2024-12-09 13:35:28,827 - INFO - Batch samples:	18
2024-12-09 13:35:28,834 - INFO - Current error:	1.3245387077331543

2024-12-09 13:35:28,834 - INFO - 
Training Evaluation Metric:
2024-12-09 13:35:28,834 - INFO - Dice: 0.029372496662216287
Precision: 0.014905149051490514
Recall: 1.0
F1: 0.02937249666221629
FPavg: 75.20689655172414
2024-12-09 13:35:38,413 - INFO - 
Validations Evaluation Metric:
2024-12-09 13:35:38,413 - INFO - Dice: 0.032520325203252036
Precision: 0.01652892561983471
Recall: 1.0
F1: 0.032520325203252036
FPavg: 63.46666666666667
2024-12-09 13:35:38,415 - INFO - EPOCH 1 ==============================
2024-12-09 13:35:52,024 - INFO - Batch:	1/3
2024-12-09 13:35:52,024 - INFO - Batch samples:	20
2024-12-09 13:35:52,030 - INFO - Current error:	1.3102999925613403

2024-12-09 13:36:06,819 - INFO - Batch:	2/3
2024-12-09 13:36:06,819 - INFO - Batch samples:	20
2024-12-09 13:36:06,825 - INFO - Current error:	1.2989110946655273

2024-12-09 13:36:18,595 - INFO - Batch:	3/3
2024-12-09 13:36:18,596 - INFO - Batch samples:	18
2024-12-09 13:36:18,603 - INFO - Current error:	1.2897989749908447

2024-12-09 13:36:18,603 - INFO - 
Training Evaluation Metric:
2024-12-09 13:36:18,603 - INFO - Dice: 0.03670242800677583
Precision: 0.018699654775604143
Recall: 0.9848484848484849
F1: 0.03670242800677583
FPavg: 58.810344827586206
2024-12-09 13:36:27,929 - INFO - 
Validations Evaluation Metric:
2024-12-09 13:36:27,929 - INFO - Dice: 0.048484848484848485
Precision: 0.024844720496894408
Recall: 1.0
F1: 0.04848484848484848
FPavg: 41.86666666666667
2024-12-09 13:36:27,931 - INFO - EPOCH 2 ==============================
2024-12-09 13:36:38,994 - INFO - Batch:	1/3
2024-12-09 13:36:38,994 - INFO - Batch samples:	20
2024-12-09 13:36:39,000 - INFO - Current error:	1.280372977256775

2024-12-09 13:36:54,390 - INFO - Batch:	2/3
2024-12-09 13:36:54,390 - INFO - Batch samples:	20
2024-12-09 13:36:54,397 - INFO - Current error:	1.2700741291046143

2024-12-09 13:37:06,380 - INFO - Batch:	3/3
2024-12-09 13:37:06,380 - INFO - Batch samples:	18
2024-12-09 13:37:06,387 - INFO - Current error:	1.264035701751709

2024-12-09 13:37:06,387 - INFO - 
Training Evaluation Metric:
2024-12-09 13:37:06,387 - INFO - Dice: 0.052845528455284556
Precision: 0.027151211361737676
Recall: 0.9848484848484849
F1: 0.052845528455284556
FPavg: 40.1551724137931
2024-12-09 13:37:15,596 - INFO - 
Validations Evaluation Metric:
2024-12-09 13:37:15,596 - INFO - Dice: 0.07158836689038031
Precision: 0.037122969837587005
Recall: 1.0
F1: 0.07158836689038031
FPavg: 27.666666666666668
2024-12-09 13:37:15,597 - INFO - EPOCH 3 ==============================
2024-12-09 13:37:28,973 - INFO - Batch:	1/3
2024-12-09 13:37:28,973 - INFO - Batch samples:	20
2024-12-09 13:37:28,980 - INFO - Current error:	1.2568295001983643

2024-12-09 13:37:41,402 - INFO - Batch:	2/3
2024-12-09 13:37:41,402 - INFO - Batch samples:	20
2024-12-09 13:37:41,408 - INFO - Current error:	1.2504488229751587

2024-12-09 13:37:53,961 - INFO - Batch:	3/3
2024-12-09 13:37:53,961 - INFO - Batch samples:	18
2024-12-09 13:37:53,968 - INFO - Current error:	1.241949200630188

2024-12-09 13:37:53,968 - INFO - 
Training Evaluation Metric:
2024-12-09 13:37:53,968 - INFO - Dice: 0.07796810395747195
Precision: 0.040565457897971724
Recall: 1.0
F1: 0.07796810395747193
FPavg: 26.913793103448278
2024-12-09 13:38:03,191 - INFO - 
Validations Evaluation Metric:
2024-12-09 13:38:03,191 - INFO - Dice: 0.09688581314878893
Precision: 0.05128205128205128
Recall: 0.875
F1: 0.09688581314878893
FPavg: 17.266666666666666
2024-12-09 13:38:03,194 - INFO - EPOCH 4 ==============================
2024-12-09 13:38:17,600 - INFO - Batch:	1/3
2024-12-09 13:38:17,600 - INFO - Batch samples:	20
2024-12-09 13:38:17,607 - INFO - Current error:	1.2374112606048584

2024-12-09 13:38:32,378 - INFO - Batch:	2/3
2024-12-09 13:38:32,378 - INFO - Batch samples:	20
2024-12-09 13:38:32,384 - INFO - Current error:	1.2310762405395508

2024-12-09 13:38:44,755 - INFO - Batch:	3/3
2024-12-09 13:38:44,756 - INFO - Batch samples:	18
2024-12-09 13:38:44,762 - INFO - Current error:	1.226192593574524

2024-12-09 13:38:44,762 - INFO - 
Training Evaluation Metric:
2024-12-09 13:38:44,762 - INFO - Dice: 0.1073345259391771
Precision: 0.057034220532319393
Recall: 0.9090909090909091
F1: 0.10733452593917711
FPavg: 17.103448275862068
2024-12-09 13:38:54,892 - INFO - 
Validations Evaluation Metric:
2024-12-09 13:38:54,892 - INFO - Dice: 0.1326530612244898
Precision: 0.07222222222222222
Recall: 0.8125
F1: 0.13265306122448978
FPavg: 11.133333333333333
2024-12-09 13:38:54,892 - INFO - EPOCH 5 ==============================
2024-12-09 13:39:09,966 - INFO - Batch:	1/3
2024-12-09 13:39:09,966 - INFO - Batch samples:	20
2024-12-09 13:39:09,973 - INFO - Current error:	1.2204426527023315

2024-12-09 13:39:23,747 - INFO - Batch:	2/3
2024-12-09 13:39:23,747 - INFO - Batch samples:	20
2024-12-09 13:39:23,754 - INFO - Current error:	1.215268611907959

2024-12-09 13:39:36,911 - INFO - Batch:	3/3
2024-12-09 13:39:36,912 - INFO - Batch samples:	18
2024-12-09 13:39:36,918 - INFO - Current error:	1.2114076614379883

2024-12-09 13:39:36,918 - INFO - 
Training Evaluation Metric:
2024-12-09 13:39:36,918 - INFO - Dice: 0.162534435261708
Precision: 0.0893939393939394
Recall: 0.8939393939393939
F1: 0.16253443526170802
FPavg: 10.362068965517242
2024-12-09 13:39:47,016 - INFO - 
Validations Evaluation Metric:
2024-12-09 13:39:47,017 - INFO - Dice: 0.17777777777777778
Precision: 0.10084033613445378
Recall: 0.75
F1: 0.1777777777777778
FPavg: 7.133333333333334
2024-12-09 13:39:47,017 - INFO - EPOCH 6 ==============================
2024-12-09 13:40:03,937 - INFO - Batch:	1/3
2024-12-09 13:40:03,938 - INFO - Batch samples:	20
2024-12-09 13:40:03,944 - INFO - Current error:	1.2055250406265259

2024-12-09 13:40:18,168 - INFO - Batch:	2/3
2024-12-09 13:40:18,168 - INFO - Batch samples:	20
2024-12-09 13:40:18,175 - INFO - Current error:	1.2018835544586182

2024-12-09 13:40:28,882 - INFO - Batch:	3/3
2024-12-09 13:40:28,882 - INFO - Batch samples:	18
2024-12-09 13:40:28,889 - INFO - Current error:	1.1965709924697876

2024-12-09 13:40:28,889 - INFO - 
Training Evaluation Metric:
2024-12-09 13:40:28,889 - INFO - Dice: 0.23678646934460887
Precision: 0.1375921375921376
Recall: 0.8484848484848485
F1: 0.23678646934460887
FPavg: 6.051724137931035
2024-12-09 13:40:38,189 - INFO - 
Validations Evaluation Metric:
2024-12-09 13:40:38,189 - INFO - Dice: 0.375
Precision: 0.25
Recall: 0.75
F1: 0.375
FPavg: 2.4
2024-12-09 13:40:38,189 - INFO - EPOCH 7 ==============================
2024-12-09 13:40:51,325 - INFO - Batch:	1/3
2024-12-09 13:40:51,325 - INFO - Batch samples:	20
2024-12-09 13:40:51,332 - INFO - Current error:	1.1925851106643677

2024-12-09 13:41:03,301 - INFO - Batch:	2/3
2024-12-09 13:41:03,301 - INFO - Batch samples:	20
2024-12-09 13:41:03,307 - INFO - Current error:	1.1877927780151367

2024-12-09 13:41:17,278 - INFO - Batch:	3/3
2024-12-09 13:41:17,278 - INFO - Batch samples:	18
2024-12-09 13:41:17,284 - INFO - Current error:	1.1839309930801392

2024-12-09 13:41:17,284 - INFO - 
Training Evaluation Metric:
2024-12-09 13:41:17,284 - INFO - Dice: 0.38461538461538464
Precision: 0.25
Recall: 0.8333333333333334
F1: 0.3846153846153846
FPavg: 2.8448275862068964
2024-12-09 13:41:26,525 - INFO - 
Validations Evaluation Metric:
2024-12-09 13:41:26,526 - INFO - Dice: 0.4444444444444444
Precision: 0.3157894736842105
Recall: 0.75
F1: 0.44444444444444436
FPavg: 1.7333333333333334
2024-12-09 13:41:26,526 - INFO - EPOCH 8 ==============================
2024-12-09 13:41:39,697 - INFO - Batch:	1/3
2024-12-09 13:41:39,697 - INFO - Batch samples:	20
2024-12-09 13:41:39,704 - INFO - Current error:	1.1796122789382935

2024-12-09 13:41:53,884 - INFO - Batch:	2/3
2024-12-09 13:41:53,885 - INFO - Batch samples:	20
2024-12-09 13:41:53,891 - INFO - Current error:	1.175685167312622

2024-12-09 13:42:05,062 - INFO - Batch:	3/3
2024-12-09 13:42:05,062 - INFO - Batch samples:	18
2024-12-09 13:42:05,069 - INFO - Current error:	1.17196786403656

2024-12-09 13:42:05,069 - INFO - 
Training Evaluation Metric:
2024-12-09 13:42:05,069 - INFO - Dice: 0.5294117647058824
Precision: 0.391304347826087
Recall: 0.8181818181818182
F1: 0.5294117647058824
FPavg: 1.4482758620689655
2024-12-09 13:42:14,235 - INFO - 
Validations Evaluation Metric:
2024-12-09 13:42:14,235 - INFO - Dice: 0.7096774193548387
Precision: 0.7333333333333333
Recall: 0.6875
F1: 0.7096774193548386
FPavg: 0.26666666666666666
2024-12-09 13:42:14,237 - INFO - EPOCH 9 ==============================
2024-12-09 13:42:28,710 - INFO - Batch:	1/3
2024-12-09 13:42:28,710 - INFO - Batch samples:	20
2024-12-09 13:42:28,716 - INFO - Current error:	1.1686104536056519

2024-12-09 13:42:43,693 - INFO - Batch:	2/3
2024-12-09 13:42:43,693 - INFO - Batch samples:	20
2024-12-09 13:42:43,699 - INFO - Current error:	1.1644160747528076

2024-12-09 13:42:55,055 - INFO - Batch:	3/3
2024-12-09 13:42:55,055 - INFO - Batch samples:	18
2024-12-09 13:42:55,062 - INFO - Current error:	1.1595523357391357

2024-12-09 13:42:55,062 - INFO - 
Training Evaluation Metric:
2024-12-09 13:42:55,062 - INFO - Dice: 0.6758620689655173
Precision: 0.620253164556962
Recall: 0.7424242424242424
F1: 0.6758620689655171
FPavg: 0.5172413793103449
2024-12-09 13:43:05,082 - INFO - 
Validations Evaluation Metric:
2024-12-09 13:43:05,082 - INFO - Dice: 0.7096774193548387
Precision: 0.7333333333333333
Recall: 0.6875
F1: 0.7096774193548386
FPavg: 0.26666666666666666
2024-12-09 13:43:05,082 - INFO - EPOCH 10 ==============================
2024-12-09 13:43:19,279 - INFO - Batch:	1/3
2024-12-09 13:43:19,279 - INFO - Batch samples:	20
2024-12-09 13:43:19,285 - INFO - Current error:	1.1557703018188477

2024-12-09 13:43:34,471 - INFO - Batch:	2/3
2024-12-09 13:43:34,471 - INFO - Batch samples:	20
2024-12-09 13:43:34,477 - INFO - Current error:	1.1535476446151733

2024-12-09 13:43:46,647 - INFO - Batch:	3/3
2024-12-09 13:43:46,647 - INFO - Batch samples:	18
2024-12-09 13:43:46,654 - INFO - Current error:	1.1516050100326538

2024-12-09 13:43:46,654 - INFO - 
Training Evaluation Metric:
2024-12-09 13:43:46,654 - INFO - Dice: 0.75
Precision: 0.7741935483870968
Recall: 0.7272727272727273
F1: 0.7500000000000001
FPavg: 0.2413793103448276
2024-12-09 13:43:56,743 - INFO - 
Validations Evaluation Metric:
2024-12-09 13:43:56,743 - INFO - Dice: 0.7096774193548387
Precision: 0.7333333333333333
Recall: 0.6875
F1: 0.7096774193548386
FPavg: 0.26666666666666666
2024-12-09 13:43:56,746 - INFO - EPOCH 11 ==============================
2024-12-09 13:44:10,321 - INFO - Batch:	1/3
2024-12-09 13:44:10,322 - INFO - Batch samples:	20
2024-12-09 13:44:10,328 - INFO - Current error:	1.144994854927063

2024-12-09 13:44:24,239 - INFO - Batch:	2/3
2024-12-09 13:44:24,239 - INFO - Batch samples:	20
2024-12-09 13:44:24,246 - INFO - Current error:	1.14456307888031

2024-12-09 13:44:38,856 - INFO - Batch:	3/3
2024-12-09 13:44:38,857 - INFO - Batch samples:	18
2024-12-09 13:44:38,863 - INFO - Current error:	1.1402667760849

2024-12-09 13:44:38,863 - INFO - 
Training Evaluation Metric:
2024-12-09 13:44:38,863 - INFO - Dice: 0.768
Precision: 0.8135593220338984
Recall: 0.7272727272727273
F1: 0.768
FPavg: 0.1896551724137931
2024-12-09 13:44:48,974 - INFO - 
Validations Evaluation Metric:
2024-12-09 13:44:48,974 - INFO - Dice: 0.7096774193548387
Precision: 0.7333333333333333
Recall: 0.6875
F1: 0.7096774193548386
FPavg: 0.26666666666666666
2024-12-09 13:44:48,976 - INFO - EPOCH 12 ==============================
2024-12-09 13:45:02,432 - INFO - Batch:	1/3
2024-12-09 13:45:02,433 - INFO - Batch samples:	20
2024-12-09 13:45:02,439 - INFO - Current error:	1.138317584991455

2024-12-09 13:45:18,657 - INFO - Batch:	2/3
2024-12-09 13:45:18,657 - INFO - Batch samples:	20
2024-12-09 13:45:18,664 - INFO - Current error:	1.1335437297821045

2024-12-09 13:45:29,828 - INFO - Batch:	3/3
2024-12-09 13:45:29,828 - INFO - Batch samples:	18
2024-12-09 13:45:29,834 - INFO - Current error:	1.1298141479492188

2024-12-09 13:45:29,835 - INFO - 
Training Evaluation Metric:
2024-12-09 13:45:29,835 - INFO - Dice: 0.7741935483870968
Precision: 0.8275862068965517
Recall: 0.7272727272727273
F1: 0.7741935483870968
FPavg: 0.1724137931034483
2024-12-09 13:45:39,671 - INFO - 
Validations Evaluation Metric:
2024-12-09 13:45:39,671 - INFO - Dice: 0.7096774193548387
Precision: 0.7333333333333333
Recall: 0.6875
F1: 0.7096774193548386
FPavg: 0.26666666666666666
2024-12-09 13:45:39,671 - INFO - EPOCH 13 ==============================
2024-12-09 13:45:52,240 - INFO - Batch:	1/3
2024-12-09 13:45:52,241 - INFO - Batch samples:	20
2024-12-09 13:45:52,246 - INFO - Current error:	1.1287250518798828

2024-12-09 13:46:10,314 - INFO - Batch:	2/3
2024-12-09 13:46:10,314 - INFO - Batch samples:	20
2024-12-09 13:46:10,321 - INFO - Current error:	1.1250910758972168

2024-12-09 13:46:21,793 - INFO - Batch:	3/3
2024-12-09 13:46:21,793 - INFO - Batch samples:	18
2024-12-09 13:46:21,805 - INFO - Current error:	1.1216316223144531

2024-12-09 13:46:21,805 - INFO - 
Training Evaluation Metric:
2024-12-09 13:46:21,805 - INFO - Dice: 0.7741935483870968
Precision: 0.8275862068965517
Recall: 0.7272727272727273
F1: 0.7741935483870968
FPavg: 0.1724137931034483
2024-12-09 13:46:32,187 - INFO - 
Validations Evaluation Metric:
2024-12-09 13:46:32,187 - INFO - Dice: 0.7096774193548387
Precision: 0.7333333333333333
Recall: 0.6875
F1: 0.7096774193548386
FPavg: 0.26666666666666666
2024-12-09 13:46:32,187 - INFO - EPOCH 14 ==============================
2024-12-09 13:46:48,022 - INFO - Batch:	1/3
2024-12-09 13:46:48,022 - INFO - Batch samples:	20
2024-12-09 13:46:48,028 - INFO - Current error:	1.1195945739746094

2024-12-09 13:46:59,996 - INFO - Batch:	2/3
2024-12-09 13:46:59,997 - INFO - Batch samples:	20
2024-12-09 13:47:00,004 - INFO - Current error:	1.117601752281189

2024-12-09 13:47:10,972 - INFO - Batch:	3/3
2024-12-09 13:47:10,972 - INFO - Batch samples:	18
2024-12-09 13:47:10,979 - INFO - Current error:	1.1142909526824951

2024-12-09 13:47:10,979 - INFO - 
Training Evaluation Metric:
2024-12-09 13:47:10,979 - INFO - Dice: 0.7741935483870968
Precision: 0.8275862068965517
Recall: 0.7272727272727273
F1: 0.7741935483870968
FPavg: 0.1724137931034483
2024-12-09 13:47:20,012 - INFO - 
Validations Evaluation Metric:
2024-12-09 13:47:20,012 - INFO - Dice: 0.7096774193548387
Precision: 0.7333333333333333
Recall: 0.6875
F1: 0.7096774193548386
FPavg: 0.26666666666666666
2024-12-09 13:47:20,012 - INFO - EPOCH 15 ==============================
2024-12-09 13:47:31,416 - INFO - Batch:	1/3
2024-12-09 13:47:31,416 - INFO - Batch samples:	20
2024-12-09 13:47:31,424 - INFO - Current error:	1.1112332344055176

2024-12-09 13:47:45,175 - INFO - Batch:	2/3
2024-12-09 13:47:45,175 - INFO - Batch samples:	20
2024-12-09 13:47:45,182 - INFO - Current error:	1.1101500988006592

2024-12-09 13:47:57,573 - INFO - Batch:	3/3
2024-12-09 13:47:57,573 - INFO - Batch samples:	18
2024-12-09 13:47:57,579 - INFO - Current error:	1.1071817874908447

2024-12-09 13:47:57,580 - INFO - 
Training Evaluation Metric:
2024-12-09 13:47:57,580 - INFO - Dice: 0.7741935483870968
Precision: 0.8275862068965517
Recall: 0.7272727272727273
F1: 0.7741935483870968
FPavg: 0.1724137931034483
2024-12-09 13:48:06,749 - INFO - 
Validations Evaluation Metric:
2024-12-09 13:48:06,749 - INFO - Dice: 0.7096774193548387
Precision: 0.7333333333333333
Recall: 0.6875
F1: 0.7096774193548386
FPavg: 0.26666666666666666
2024-12-09 13:48:06,752 - INFO - EPOCH 16 ==============================
2024-12-09 13:48:20,762 - INFO - Batch:	1/3
2024-12-09 13:48:20,762 - INFO - Batch samples:	20
2024-12-09 13:48:20,768 - INFO - Current error:	1.104966402053833

2024-12-09 13:48:33,171 - INFO - Batch:	2/3
2024-12-09 13:48:33,171 - INFO - Batch samples:	20
2024-12-09 13:48:33,177 - INFO - Current error:	1.1016160249710083

2024-12-09 13:48:44,953 - INFO - Batch:	3/3
2024-12-09 13:48:44,953 - INFO - Batch samples:	18
2024-12-09 13:48:44,959 - INFO - Current error:	1.100851058959961

2024-12-09 13:48:44,960 - INFO - 
Training Evaluation Metric:
2024-12-09 13:48:44,960 - INFO - Dice: 0.7741935483870968
Precision: 0.8275862068965517
Recall: 0.7272727272727273
F1: 0.7741935483870968
FPavg: 0.1724137931034483
2024-12-09 13:48:54,092 - INFO - 
Validations Evaluation Metric:
2024-12-09 13:48:54,092 - INFO - Dice: 0.7096774193548387
Precision: 0.7333333333333333
Recall: 0.6875
F1: 0.7096774193548386
FPavg: 0.26666666666666666
2024-12-09 13:48:54,092 - INFO - EPOCH 17 ==============================
2024-12-09 13:49:06,553 - INFO - Batch:	1/3
2024-12-09 13:49:06,554 - INFO - Batch samples:	20
2024-12-09 13:49:06,560 - INFO - Current error:	1.0990170240402222

2024-12-09 13:49:19,770 - INFO - Batch:	2/3
2024-12-09 13:49:19,771 - INFO - Batch samples:	20
2024-12-09 13:49:19,777 - INFO - Current error:	1.0937162637710571

2024-12-09 13:49:33,524 - INFO - Batch:	3/3
2024-12-09 13:49:33,524 - INFO - Batch samples:	18
2024-12-09 13:49:33,531 - INFO - Current error:	1.095300316810608

2024-12-09 13:49:33,531 - INFO - 
Training Evaluation Metric:
2024-12-09 13:49:33,531 - INFO - Dice: 0.7741935483870968
Precision: 0.8275862068965517
Recall: 0.7272727272727273
F1: 0.7741935483870968
FPavg: 0.1724137931034483
2024-12-09 13:49:43,396 - INFO - 
Validations Evaluation Metric:
2024-12-09 13:49:43,396 - INFO - Dice: 0.7096774193548387
Precision: 0.7333333333333333
Recall: 0.6875
F1: 0.7096774193548386
FPavg: 0.26666666666666666
2024-12-09 13:49:43,396 - INFO - EPOCH 18 ==============================
2024-12-09 13:49:57,768 - INFO - Batch:	1/3
2024-12-09 13:49:57,768 - INFO - Batch samples:	20
2024-12-09 13:49:57,774 - INFO - Current error:	1.0911701917648315

2024-12-09 13:50:13,742 - INFO - Batch:	2/3
2024-12-09 13:50:13,742 - INFO - Batch samples:	20
2024-12-09 13:50:13,748 - INFO - Current error:	1.0899322032928467

2024-12-09 13:50:24,915 - INFO - Batch:	3/3
2024-12-09 13:50:24,915 - INFO - Batch samples:	18
2024-12-09 13:50:24,922 - INFO - Current error:	1.0887327194213867

2024-12-09 13:50:24,922 - INFO - 
Training Evaluation Metric:
2024-12-09 13:50:24,922 - INFO - Dice: 0.7741935483870968
Precision: 0.8275862068965517
Recall: 0.7272727272727273
F1: 0.7741935483870968
FPavg: 0.1724137931034483
2024-12-09 13:50:34,884 - INFO - 
Validations Evaluation Metric:
2024-12-09 13:50:34,884 - INFO - Dice: 0.7096774193548387
Precision: 0.7333333333333333
Recall: 0.6875
F1: 0.7096774193548386
FPavg: 0.26666666666666666
2024-12-09 13:50:34,884 - INFO - EPOCH 19 ==============================
2024-12-09 13:50:49,751 - INFO - Batch:	1/3
2024-12-09 13:50:49,751 - INFO - Batch samples:	20
2024-12-09 13:50:49,757 - INFO - Current error:	1.086106300354004

2024-12-09 13:51:03,146 - INFO - Batch:	2/3
2024-12-09 13:51:03,146 - INFO - Batch samples:	20
2024-12-09 13:51:03,152 - INFO - Current error:	1.0849275588989258

2024-12-09 13:51:15,906 - INFO - Batch:	3/3
2024-12-09 13:51:15,906 - INFO - Batch samples:	18
2024-12-09 13:51:15,913 - INFO - Current error:	1.0810984373092651

2024-12-09 13:51:15,913 - INFO - 
Training Evaluation Metric:
2024-12-09 13:51:15,913 - INFO - Dice: 0.7741935483870968
Precision: 0.8275862068965517
Recall: 0.7272727272727273
F1: 0.7741935483870968
FPavg: 0.1724137931034483
2024-12-09 13:51:25,846 - INFO - 
Validations Evaluation Metric:
2024-12-09 13:51:25,846 - INFO - Dice: 0.7096774193548387
Precision: 0.7333333333333333
Recall: 0.6875
F1: 0.7096774193548386
FPavg: 0.26666666666666666
2024-12-09 13:51:25,849 - INFO - EPOCH 20 ==============================
2024-12-09 13:51:39,294 - INFO - Batch:	1/3
2024-12-09 13:51:39,294 - INFO - Batch samples:	20
2024-12-09 13:51:39,300 - INFO - Current error:	1.079740285873413

2024-12-09 13:51:52,517 - INFO - Batch:	2/3
2024-12-09 13:51:52,517 - INFO - Batch samples:	20
2024-12-09 13:51:52,523 - INFO - Current error:	1.0780271291732788

2024-12-09 13:52:04,269 - INFO - Batch:	3/3
2024-12-09 13:52:04,269 - INFO - Batch samples:	18
2024-12-09 13:52:04,275 - INFO - Current error:	1.078866958618164

2024-12-09 13:52:04,276 - INFO - 
Training Evaluation Metric:
2024-12-09 13:52:04,276 - INFO - Dice: 0.7741935483870968
Precision: 0.8275862068965517
Recall: 0.7272727272727273
F1: 0.7741935483870968
FPavg: 0.1724137931034483
2024-12-09 13:52:13,426 - INFO - 
Validations Evaluation Metric:
2024-12-09 13:52:13,426 - INFO - Dice: 0.7096774193548387
Precision: 0.7333333333333333
Recall: 0.6875
F1: 0.7096774193548386
FPavg: 0.26666666666666666
2024-12-09 13:52:13,426 - INFO - EPOCH 21 ==============================
2024-12-09 13:52:27,094 - INFO - Batch:	1/3
2024-12-09 13:52:27,094 - INFO - Batch samples:	20
2024-12-09 13:52:27,101 - INFO - Current error:	1.0743472576141357

2024-12-09 13:52:38,704 - INFO - Batch:	2/3
2024-12-09 13:52:38,704 - INFO - Batch samples:	20
2024-12-09 13:52:38,710 - INFO - Current error:	1.0746756792068481

2024-12-09 13:52:51,085 - INFO - Batch:	3/3
2024-12-09 13:52:51,085 - INFO - Batch samples:	18
2024-12-09 13:52:51,092 - INFO - Current error:	1.072589635848999

2024-12-09 13:52:51,092 - INFO - 
Training Evaluation Metric:
2024-12-09 13:52:51,092 - INFO - Dice: 0.7741935483870968
Precision: 0.8275862068965517
Recall: 0.7272727272727273
F1: 0.7741935483870968
FPavg: 0.1724137931034483
2024-12-09 13:53:00,177 - INFO - 
Validations Evaluation Metric:
2024-12-09 13:53:00,177 - INFO - Dice: 0.7096774193548387
Precision: 0.7333333333333333
Recall: 0.6875
F1: 0.7096774193548386
FPavg: 0.26666666666666666
2024-12-09 13:53:00,179 - INFO - EPOCH 22 ==============================
2024-12-09 13:53:14,497 - INFO - Batch:	1/3
2024-12-09 13:53:14,497 - INFO - Batch samples:	20
2024-12-09 13:53:14,504 - INFO - Current error:	1.0667448043823242

2024-12-09 13:53:26,869 - INFO - Batch:	2/3
2024-12-09 13:53:26,869 - INFO - Batch samples:	20
2024-12-09 13:53:26,876 - INFO - Current error:	1.0721559524536133

2024-12-09 13:53:38,440 - INFO - Batch:	3/3
2024-12-09 13:53:38,440 - INFO - Batch samples:	18
2024-12-09 13:53:38,448 - INFO - Current error:	1.0686414241790771

2024-12-09 13:53:38,448 - INFO - 
Training Evaluation Metric:
2024-12-09 13:53:38,448 - INFO - Dice: 0.7741935483870968
Precision: 0.8275862068965517
Recall: 0.7272727272727273
F1: 0.7741935483870968
FPavg: 0.1724137931034483
2024-12-09 13:53:48,322 - INFO - 
Validations Evaluation Metric:
2024-12-09 13:53:48,322 - INFO - Dice: 0.7096774193548387
Precision: 0.7333333333333333
Recall: 0.6875
F1: 0.7096774193548386
FPavg: 0.26666666666666666
2024-12-09 13:53:48,324 - INFO - EPOCH 23 ==============================
2024-12-09 13:54:04,852 - INFO - Batch:	1/3
2024-12-09 13:54:04,852 - INFO - Batch samples:	20
2024-12-09 13:54:04,859 - INFO - Current error:	1.064947485923767

2024-12-09 13:54:18,474 - INFO - Batch:	2/3
2024-12-09 13:54:18,475 - INFO - Batch samples:	20
2024-12-09 13:54:18,481 - INFO - Current error:	1.0646843910217285

2024-12-09 13:54:29,650 - INFO - Batch:	3/3
2024-12-09 13:54:29,651 - INFO - Batch samples:	18
2024-12-09 13:54:29,657 - INFO - Current error:	1.0648469924926758

2024-12-09 13:54:29,657 - INFO - 
Training Evaluation Metric:
2024-12-09 13:54:29,658 - INFO - Dice: 0.7741935483870968
Precision: 0.8275862068965517
Recall: 0.7272727272727273
F1: 0.7741935483870968
FPavg: 0.1724137931034483
2024-12-09 13:54:39,653 - INFO - 
Validations Evaluation Metric:
2024-12-09 13:54:39,653 - INFO - Dice: 0.7096774193548387
Precision: 0.7333333333333333
Recall: 0.6875
F1: 0.7096774193548386
FPavg: 0.26666666666666666
2024-12-09 13:54:39,653 - INFO - EPOCH 24 ==============================
2024-12-09 13:54:52,255 - INFO - Batch:	1/3
2024-12-09 13:54:52,256 - INFO - Batch samples:	20
2024-12-09 13:54:52,262 - INFO - Current error:	1.0631561279296875

2024-12-09 13:55:06,238 - INFO - Batch:	2/3
2024-12-09 13:55:06,238 - INFO - Batch samples:	20
2024-12-09 13:55:06,244 - INFO - Current error:	1.060197353363037

2024-12-09 13:55:21,827 - INFO - Batch:	3/3
2024-12-09 13:55:21,828 - INFO - Batch samples:	18
2024-12-09 13:55:21,834 - INFO - Current error:	1.0580404996871948

2024-12-09 13:55:21,834 - INFO - 
Training Evaluation Metric:
2024-12-09 13:55:21,835 - INFO - Dice: 0.7741935483870968
Precision: 0.8275862068965517
Recall: 0.7272727272727273
F1: 0.7741935483870968
FPavg: 0.1724137931034483
2024-12-09 13:55:30,966 - INFO - 
Validations Evaluation Metric:
2024-12-09 13:55:30,966 - INFO - Dice: 0.7096774193548387
Precision: 0.7333333333333333
Recall: 0.6875
F1: 0.7096774193548386
FPavg: 0.26666666666666666
2024-12-09 13:55:30,968 - INFO - EPOCH 25 ==============================
2024-12-09 13:55:44,639 - INFO - Batch:	1/3
2024-12-09 13:55:44,640 - INFO - Batch samples:	20
2024-12-09 13:55:44,646 - INFO - Current error:	1.056688904762268

2024-12-09 13:55:57,025 - INFO - Batch:	2/3
2024-12-09 13:55:57,025 - INFO - Batch samples:	20
2024-12-09 13:55:57,032 - INFO - Current error:	1.0583555698394775

2024-12-09 13:56:08,607 - INFO - Batch:	3/3
2024-12-09 13:56:08,608 - INFO - Batch samples:	18
2024-12-09 13:56:08,614 - INFO - Current error:	1.054835557937622

2024-12-09 13:56:08,614 - INFO - 
Training Evaluation Metric:
2024-12-09 13:56:08,614 - INFO - Dice: 0.7741935483870968
Precision: 0.8275862068965517
Recall: 0.7272727272727273
F1: 0.7741935483870968
FPavg: 0.1724137931034483
2024-12-09 13:56:17,828 - INFO - 
Validations Evaluation Metric:
2024-12-09 13:56:17,828 - INFO - Dice: 0.7096774193548387
Precision: 0.7333333333333333
Recall: 0.6875
F1: 0.7096774193548386
FPavg: 0.26666666666666666
2024-12-09 13:56:17,828 - INFO - EPOCH 26 ==============================
2024-12-09 13:56:29,399 - INFO - Batch:	1/3
2024-12-09 13:56:29,399 - INFO - Batch samples:	20
2024-12-09 13:56:29,405 - INFO - Current error:	1.0537171363830566

2024-12-09 13:56:43,199 - INFO - Batch:	2/3
2024-12-09 13:56:43,199 - INFO - Batch samples:	20
2024-12-09 13:56:43,206 - INFO - Current error:	1.0560446977615356

2024-12-09 13:56:55,575 - INFO - Batch:	3/3
2024-12-09 13:56:55,575 - INFO - Batch samples:	18
2024-12-09 13:56:55,582 - INFO - Current error:	1.048603892326355

2024-12-09 13:56:55,582 - INFO - 
Training Evaluation Metric:
2024-12-09 13:56:55,582 - INFO - Dice: 0.7903225806451613
Precision: 0.8448275862068966
Recall: 0.7424242424242424
F1: 0.7903225806451614
FPavg: 0.15517241379310345
2024-12-09 13:57:04,663 - INFO - 
Validations Evaluation Metric:
2024-12-09 13:57:04,663 - INFO - Dice: 0.7096774193548387
Precision: 0.7333333333333333
Recall: 0.6875
F1: 0.7096774193548386
FPavg: 0.26666666666666666
2024-12-09 13:57:04,665 - INFO - EPOCH 27 ==============================
2024-12-09 13:57:18,401 - INFO - Batch:	1/3
2024-12-09 13:57:18,401 - INFO - Batch samples:	20
2024-12-09 13:57:18,408 - INFO - Current error:	1.0510953664779663

2024-12-09 13:57:33,795 - INFO - Batch:	2/3
2024-12-09 13:57:33,795 - INFO - Batch samples:	20
2024-12-09 13:57:33,801 - INFO - Current error:	1.0458335876464844

2024-12-09 13:57:45,175 - INFO - Batch:	3/3
2024-12-09 13:57:45,175 - INFO - Batch samples:	18
2024-12-09 13:57:45,181 - INFO - Current error:	1.0516595840454102

2024-12-09 13:57:45,181 - INFO - 
Training Evaluation Metric:
2024-12-09 13:57:45,181 - INFO - Dice: 0.7903225806451613
Precision: 0.8448275862068966
Recall: 0.7424242424242424
F1: 0.7903225806451614
FPavg: 0.15517241379310345
2024-12-09 13:57:55,335 - INFO - 
Validations Evaluation Metric:
2024-12-09 13:57:55,335 - INFO - Dice: 0.7096774193548387
Precision: 0.7333333333333333
Recall: 0.6875
F1: 0.7096774193548386
FPavg: 0.26666666666666666
2024-12-09 13:57:55,335 - INFO - EPOCH 28 ==============================
2024-12-09 13:58:08,214 - INFO - Batch:	1/3
2024-12-09 13:58:08,214 - INFO - Batch samples:	20
2024-12-09 13:58:08,221 - INFO - Current error:	1.044128179550171

2024-12-09 13:58:26,393 - INFO - Batch:	2/3
2024-12-09 13:58:26,394 - INFO - Batch samples:	20
2024-12-09 13:58:26,400 - INFO - Current error:	1.0452433824539185

2024-12-09 13:58:38,152 - INFO - Batch:	3/3
2024-12-09 13:58:38,152 - INFO - Batch samples:	18
2024-12-09 13:58:38,158 - INFO - Current error:	1.048885703086853

2024-12-09 13:58:38,158 - INFO - 
Training Evaluation Metric:
2024-12-09 13:58:38,158 - INFO - Dice: 0.7903225806451613
Precision: 0.8448275862068966
Recall: 0.7424242424242424
F1: 0.7903225806451614
FPavg: 0.15517241379310345
2024-12-09 13:58:48,101 - INFO - 
Validations Evaluation Metric:
2024-12-09 13:58:48,101 - INFO - Dice: 0.7096774193548387
Precision: 0.7333333333333333
Recall: 0.6875
F1: 0.7096774193548386
FPavg: 0.26666666666666666
2024-12-09 13:58:48,101 - INFO - EPOCH 29 ==============================
2024-12-09 13:59:01,580 - INFO - Batch:	1/3
2024-12-09 13:59:01,580 - INFO - Batch samples:	20
2024-12-09 13:59:01,587 - INFO - Current error:	1.0470558404922485

2024-12-09 13:59:18,595 - INFO - Batch:	2/3
2024-12-09 13:59:18,595 - INFO - Batch samples:	20
2024-12-09 13:59:18,601 - INFO - Current error:	1.038921594619751

2024-12-09 13:59:29,148 - INFO - Batch:	3/3
2024-12-09 13:59:29,148 - INFO - Batch samples:	18
2024-12-09 13:59:29,155 - INFO - Current error:	1.0421122312545776

2024-12-09 13:59:29,155 - INFO - 
Training Evaluation Metric:
2024-12-09 13:59:29,155 - INFO - Dice: 0.7903225806451613
Precision: 0.8448275862068966
Recall: 0.7424242424242424
F1: 0.7903225806451614
FPavg: 0.15517241379310345
2024-12-09 13:59:38,366 - INFO - 
Validations Evaluation Metric:
2024-12-09 13:59:38,366 - INFO - Dice: 0.7096774193548387
Precision: 0.7333333333333333
Recall: 0.6875
F1: 0.7096774193548386
FPavg: 0.26666666666666666
2024-12-09 13:59:38,366 - INFO - EPOCH 30 ==============================
2024-12-09 13:59:52,155 - INFO - Batch:	1/3
2024-12-09 13:59:52,155 - INFO - Batch samples:	20
2024-12-09 13:59:52,161 - INFO - Current error:	1.043057918548584

2024-12-09 14:00:04,344 - INFO - Batch:	2/3
2024-12-09 14:00:04,344 - INFO - Batch samples:	20
2024-12-09 14:00:04,351 - INFO - Current error:	1.0353564023971558

2024-12-09 14:00:16,111 - INFO - Batch:	3/3
2024-12-09 14:00:16,112 - INFO - Batch samples:	18
2024-12-09 14:00:16,118 - INFO - Current error:	1.0408793687820435

2024-12-09 14:00:16,118 - INFO - 
Training Evaluation Metric:
2024-12-09 14:00:16,118 - INFO - Dice: 0.7903225806451613
Precision: 0.8448275862068966
Recall: 0.7424242424242424
F1: 0.7903225806451614
FPavg: 0.15517241379310345
2024-12-09 14:00:25,060 - INFO - 
Validations Evaluation Metric:
2024-12-09 14:00:25,061 - INFO - Dice: 0.7096774193548387
Precision: 0.7333333333333333
Recall: 0.6875
F1: 0.7096774193548386
FPavg: 0.26666666666666666
2024-12-09 14:00:25,061 - INFO - EPOCH 31 ==============================
2024-12-09 14:00:38,543 - INFO - Batch:	1/3
2024-12-09 14:00:38,543 - INFO - Batch samples:	20
2024-12-09 14:00:38,550 - INFO - Current error:	1.0401259660720825

2024-12-09 14:00:52,333 - INFO - Batch:	2/3
2024-12-09 14:00:52,333 - INFO - Batch samples:	20
2024-12-09 14:00:52,340 - INFO - Current error:	1.0306003093719482

2024-12-09 14:01:02,514 - INFO - Batch:	3/3
2024-12-09 14:01:02,514 - INFO - Batch samples:	18
2024-12-09 14:01:02,521 - INFO - Current error:	1.0395679473876953

2024-12-09 14:01:02,521 - INFO - 
Training Evaluation Metric:
2024-12-09 14:01:02,521 - INFO - Dice: 0.7903225806451613
Precision: 0.8448275862068966
Recall: 0.7424242424242424
F1: 0.7903225806451614
FPavg: 0.15517241379310345
2024-12-09 14:01:11,486 - INFO - 
Validations Evaluation Metric:
2024-12-09 14:01:11,487 - INFO - Dice: 0.7096774193548387
Precision: 0.7333333333333333
Recall: 0.6875
F1: 0.7096774193548386
FPavg: 0.26666666666666666
2024-12-09 14:01:11,487 - INFO - EPOCH 32 ==============================
2024-12-09 14:01:23,734 - INFO - Batch:	1/3
2024-12-09 14:01:23,735 - INFO - Batch samples:	20
2024-12-09 14:01:23,741 - INFO - Current error:	1.037672519683838

2024-12-09 14:01:37,134 - INFO - Batch:	2/3
2024-12-09 14:01:37,135 - INFO - Batch samples:	20
2024-12-09 14:01:37,141 - INFO - Current error:	1.0348107814788818

2024-12-09 14:01:51,301 - INFO - Batch:	3/3
2024-12-09 14:01:51,302 - INFO - Batch samples:	18
2024-12-09 14:01:51,308 - INFO - Current error:	1.0284981727600098

2024-12-09 14:01:51,308 - INFO - 
Training Evaluation Metric:
2024-12-09 14:01:51,308 - INFO - Dice: 0.7903225806451613
Precision: 0.8448275862068966
Recall: 0.7424242424242424
F1: 0.7903225806451614
FPavg: 0.15517241379310345
2024-12-09 14:02:01,204 - INFO - 
Validations Evaluation Metric:
2024-12-09 14:02:01,204 - INFO - Dice: 0.7096774193548387
Precision: 0.7333333333333333
Recall: 0.6875
F1: 0.7096774193548386
FPavg: 0.26666666666666666
2024-12-09 14:02:01,204 - INFO - EPOCH 33 ==============================
2024-12-09 14:02:15,915 - INFO - Batch:	1/3
2024-12-09 14:02:15,915 - INFO - Batch samples:	20
2024-12-09 14:02:15,922 - INFO - Current error:	1.032347321510315

2024-12-09 14:02:29,347 - INFO - Batch:	2/3
2024-12-09 14:02:29,347 - INFO - Batch samples:	20
2024-12-09 14:02:29,353 - INFO - Current error:	1.0314662456512451

2024-12-09 14:02:42,077 - INFO - Batch:	3/3
2024-12-09 14:02:42,077 - INFO - Batch samples:	18
2024-12-09 14:02:42,084 - INFO - Current error:	1.028935194015503

2024-12-09 14:02:42,084 - INFO - 
Training Evaluation Metric:
2024-12-09 14:02:42,084 - INFO - Dice: 0.7903225806451613
Precision: 0.8448275862068966
Recall: 0.7424242424242424
F1: 0.7903225806451614
FPavg: 0.15517241379310345
2024-12-09 14:02:51,950 - INFO - 
Validations Evaluation Metric:
2024-12-09 14:02:51,951 - INFO - Dice: 0.7096774193548387
Precision: 0.7333333333333333
Recall: 0.6875
F1: 0.7096774193548386
FPavg: 0.26666666666666666
2024-12-09 14:02:51,952 - INFO - EPOCH 34 ==============================
2024-12-09 14:03:06,723 - INFO - Batch:	1/3
2024-12-09 14:03:06,723 - INFO - Batch samples:	20
2024-12-09 14:03:06,730 - INFO - Current error:	1.0295071601867676

2024-12-09 14:03:21,096 - INFO - Batch:	2/3
2024-12-09 14:03:21,096 - INFO - Batch samples:	20
2024-12-09 14:03:21,103 - INFO - Current error:	1.0254650115966797

2024-12-09 14:03:32,880 - INFO - Batch:	3/3
2024-12-09 14:03:32,880 - INFO - Batch samples:	18
2024-12-09 14:03:32,887 - INFO - Current error:	1.030879020690918

2024-12-09 14:03:32,887 - INFO - 
Training Evaluation Metric:
2024-12-09 14:03:32,887 - INFO - Dice: 0.7903225806451613
Precision: 0.8448275862068966
Recall: 0.7424242424242424
F1: 0.7903225806451614
FPavg: 0.15517241379310345
2024-12-09 14:03:42,758 - INFO - 
Validations Evaluation Metric:
2024-12-09 14:03:42,758 - INFO - Dice: 0.7096774193548387
Precision: 0.7333333333333333
Recall: 0.6875
F1: 0.7096774193548386
FPavg: 0.26666666666666666
2024-12-09 14:03:42,758 - INFO - EPOCH 35 ==============================
2024-12-09 14:03:58,266 - INFO - Batch:	1/3
2024-12-09 14:03:58,266 - INFO - Batch samples:	20
2024-12-09 14:03:58,272 - INFO - Current error:	1.0285414457321167

2024-12-09 14:04:10,874 - INFO - Batch:	2/3
2024-12-09 14:04:10,874 - INFO - Batch samples:	20
2024-12-09 14:04:10,880 - INFO - Current error:	1.0231497287750244

2024-12-09 14:04:23,840 - INFO - Batch:	3/3
2024-12-09 14:04:23,840 - INFO - Batch samples:	18
2024-12-09 14:04:23,847 - INFO - Current error:	1.0254164934158325

2024-12-09 14:04:23,847 - INFO - 
Training Evaluation Metric:
2024-12-09 14:04:23,847 - INFO - Dice: 0.7903225806451613
Precision: 0.8448275862068966
Recall: 0.7424242424242424
F1: 0.7903225806451614
FPavg: 0.15517241379310345
2024-12-09 14:04:33,725 - INFO - 
Validations Evaluation Metric:
2024-12-09 14:04:33,725 - INFO - Dice: 0.7096774193548387
Precision: 0.7333333333333333
Recall: 0.6875
F1: 0.7096774193548386
FPavg: 0.26666666666666666
2024-12-09 14:04:33,726 - INFO - EPOCH 36 ==============================
2024-12-09 14:04:47,074 - INFO - Batch:	1/3
2024-12-09 14:04:47,074 - INFO - Batch samples:	20
2024-12-09 14:04:47,080 - INFO - Current error:	1.0292439460754395

2024-12-09 14:05:01,458 - INFO - Batch:	2/3
2024-12-09 14:05:01,458 - INFO - Batch samples:	20
2024-12-09 14:05:01,465 - INFO - Current error:	1.0211422443389893

2024-12-09 14:05:15,033 - INFO - Batch:	3/3
2024-12-09 14:05:15,033 - INFO - Batch samples:	18
2024-12-09 14:05:15,040 - INFO - Current error:	1.018782138824463

2024-12-09 14:05:15,040 - INFO - 
Training Evaluation Metric:
2024-12-09 14:05:15,040 - INFO - Dice: 0.7903225806451613
Precision: 0.8448275862068966
Recall: 0.7424242424242424
F1: 0.7903225806451614
FPavg: 0.15517241379310345
2024-12-09 14:05:25,102 - INFO - 
Validations Evaluation Metric:
2024-12-09 14:05:25,102 - INFO - Dice: 0.7096774193548387
Precision: 0.7333333333333333
Recall: 0.6875
F1: 0.7096774193548386
FPavg: 0.26666666666666666
2024-12-09 14:05:25,104 - INFO - EPOCH 37 ==============================
2024-12-09 14:05:38,677 - INFO - Batch:	1/3
2024-12-09 14:05:38,677 - INFO - Batch samples:	20
2024-12-09 14:05:38,684 - INFO - Current error:	1.018913745880127

2024-12-09 14:05:53,861 - INFO - Batch:	2/3
2024-12-09 14:05:53,861 - INFO - Batch samples:	20
2024-12-09 14:05:53,867 - INFO - Current error:	1.021681785583496

2024-12-09 14:06:06,793 - INFO - Batch:	3/3
2024-12-09 14:06:06,793 - INFO - Batch samples:	18
2024-12-09 14:06:06,800 - INFO - Current error:	1.0215829610824585

2024-12-09 14:06:06,800 - INFO - 
Training Evaluation Metric:
2024-12-09 14:06:06,800 - INFO - Dice: 0.7903225806451613
Precision: 0.8448275862068966
Recall: 0.7424242424242424
F1: 0.7903225806451614
FPavg: 0.15517241379310345
2024-12-09 14:06:16,738 - INFO - 
Validations Evaluation Metric:
2024-12-09 14:06:16,738 - INFO - Dice: 0.7096774193548387
Precision: 0.7333333333333333
Recall: 0.6875
F1: 0.7096774193548386
FPavg: 0.26666666666666666
2024-12-09 14:06:16,740 - INFO - EPOCH 38 ==============================
2024-12-09 14:06:29,441 - INFO - Batch:	1/3
2024-12-09 14:06:29,441 - INFO - Batch samples:	20
2024-12-09 14:06:29,447 - INFO - Current error:	1.0198782682418823

2024-12-09 14:06:45,633 - INFO - Batch:	2/3
2024-12-09 14:06:45,634 - INFO - Batch samples:	20
2024-12-09 14:06:45,640 - INFO - Current error:	1.0215086936950684

2024-12-09 14:06:58,397 - INFO - Batch:	3/3
2024-12-09 14:06:58,397 - INFO - Batch samples:	18
2024-12-09 14:06:58,403 - INFO - Current error:	1.01329505443573

2024-12-09 14:06:58,403 - INFO - 
Training Evaluation Metric:
2024-12-09 14:06:58,404 - INFO - Dice: 0.7903225806451613
Precision: 0.8448275862068966
Recall: 0.7424242424242424
F1: 0.7903225806451614
FPavg: 0.15517241379310345
2024-12-09 14:07:08,490 - INFO - 
Validations Evaluation Metric:
2024-12-09 14:07:08,490 - INFO - Dice: 0.7096774193548387
Precision: 0.7333333333333333
Recall: 0.6875
F1: 0.7096774193548386
FPavg: 0.26666666666666666
2024-12-09 14:07:08,490 - INFO - EPOCH 39 ==============================
2024-12-09 14:07:22,628 - INFO - Batch:	1/3
2024-12-09 14:07:22,628 - INFO - Batch samples:	20
2024-12-09 14:07:22,634 - INFO - Current error:	1.0127787590026855

2024-12-09 14:07:38,214 - INFO - Batch:	2/3
2024-12-09 14:07:38,214 - INFO - Batch samples:	20
2024-12-09 14:07:38,220 - INFO - Current error:	1.0167120695114136

2024-12-09 14:07:50,389 - INFO - Batch:	3/3
2024-12-09 14:07:50,389 - INFO - Batch samples:	18
2024-12-09 14:07:50,395 - INFO - Current error:	1.0188515186309814

2024-12-09 14:07:50,395 - INFO - 
Training Evaluation Metric:
2024-12-09 14:07:50,395 - INFO - Dice: 0.7903225806451613
Precision: 0.8448275862068966
Recall: 0.7424242424242424
F1: 0.7903225806451614
FPavg: 0.15517241379310345
2024-12-09 14:08:00,266 - INFO - 
Validations Evaluation Metric:
2024-12-09 14:08:00,266 - INFO - Dice: 0.7096774193548387
Precision: 0.7333333333333333
Recall: 0.6875
F1: 0.7096774193548386
FPavg: 0.26666666666666666
2024-12-09 14:08:00,266 - INFO - EPOCH 40 ==============================
